#N	Area
1	1.509857E+08
2	1.282386E+08
3	9.998790E+07
4	7.508685E+07
5	5.367770E+07
6	1.501199E+08
7	1.292050E+08
8	1.002802E+08
9	7.521952E+07
10	5.373250E+07
11	1.525746E+08
12	1.304618E+08
13	1.008976E+08
14	7.520102E+07
15	5.399390E+07
16	1.543771E+08
17	1.313031E+08
18	1.013597E+08
19	7.548579E+07
20	5.407910E+07
21	1.557619E+08
22	1.322127E+08
23	1.018013E+08
24	7.601723E+07
25	5.419362E+07
26	1.572668E+08
27	1.330088E+08
28	1.021510E+08
29	7.574802E+07
30	5.432751E+07
31	1.584356E+08
32	1.337259E+08
33	1.022313E+08
34	7.603847E+07
35	5.455053E+07
36	1.589668E+08
37	1.343659E+08
38	1.024398E+08
39	7.617609E+07
40	5.468000E+07
41	1.594065E+08
42	1.350179E+08
43	1.029229E+08
44	7.634782E+07
45	5.460912E+07
46	1.597638E+08
47	1.352324E+08
48	1.026394E+08
49	7.644864E+07
50	5.479944E+07
51	1.600646E+08
52	1.353162E+08
53	1.030990E+08
54	7.652206E+07
55	5.484577E+07
56	1.608767E+08
57	1.357557E+08
58	1.033761E+08
59	7.652405E+07
60	5.510008E+07
61	1.615351E+08
62	1.361568E+08
63	1.036459E+08
64	7.685741E+07
65	5.504805E+07
66	1.618471E+08
67	1.362888E+08
68	1.036459E+08
69	7.683155E+07
70	5.511674E+07
71	1.619438E+08
72	1.363078E+08
73	1.037609E+08
74	7.700250E+07
75	5.514368E+07
76	1.625314E+08
77	1.364933E+08
78	1.040703E+08
79	7.688004E+07
80	5.525396E+07
81	1.632172E+08
82	1.370160E+08
83	1.041844E+08
84	7.714574E+07
85	5.532006E+07
86	1.632129E+08
87	1.372523E+08
88	1.043762E+08
89	7.719892E+07
90	5.531494E+07
91	1.636742E+08
92	1.376095E+08
93	1.046921E+08
94	7.746827E+07
95	5.526945E+07
96	1.637547E+08
97	1.374085E+08
98	1.043732E+08
99	7.755724E+07
100	5.541197E+07
101	1.636994E+08
102	1.375736E+08
103	1.046308E+08
104	7.748381E+07
105	5.549960E+07
106	1.646007E+08
107	1.380908E+08
108	1.046134E+08
109	7.725559E+07
110	5.554320E+07
111	1.649431E+08
112	1.381849E+08
113	1.044566E+08
114	7.744630E+07
115	5.551047E+07
116	1.646044E+08
117	1.383674E+08
118	1.045764E+08
119	7.742315E+07
120	5.555674E+07
121	1.648548E+08
122	1.382401E+08
123	1.046679E+08
124	7.742662E+07
125	5.567122E+07
126	1.649532E+08
127	1.379244E+08
128	1.048788E+08
129	7.739285E+07
130	5.566923E+07
131	1.647451E+08
132	1.385045E+08
133	1.047607E+08
134	7.755294E+07
135	5.577082E+07
136	1.652500E+08
137	1.385577E+08
138	1.047794E+08
139	7.766539E+07
140	5.569387E+07
141	1.662555E+08
142	1.387808E+08
143	1.053698E+08
144	7.767120E+07
145	5.577634E+07
146	1.664612E+08
147	1.391391E+08
148	1.052099E+08
149	7.785624E+07
150	5.572028E+07
151	1.664476E+08
152	1.394990E+08
153	1.051865E+08
154	7.756256E+07
155	5.578594E+07
156	1.669414E+08
157	1.396584E+08
158	1.052760E+08
159	7.772640E+07
160	5.580208E+07
161	1.668404E+08
162	1.397455E+08
163	1.058624E+08
164	7.780592E+07
165	5.587032E+07
166	1.672113E+08
167	1.395857E+08
168	1.053240E+08
169	7.787069E+07
170	5.596759E+07
171	1.676055E+08
172	1.401818E+08
173	1.057337E+08
174	7.807371E+07
175	5.603795E+07
176	1.682570E+08
177	1.405364E+08
178	1.057964E+08
179	7.808899E+07
180	5.630081E+07
181	1.679363E+08
182	1.405154E+08
183	1.056937E+08
184	7.798259E+07
185	5.596340E+07
186	1.686013E+08
187	1.408243E+08
188	1.061330E+08
189	7.835202E+07
190	5.596701E+07
191	1.683614E+08
192	1.409801E+08
193	1.058092E+08
194	7.778163E+07
195	5.615646E+07
196	1.690199E+08
197	1.409613E+08
198	1.061401E+08
199	7.820836E+07
200	5.617895E+07
201	1.690397E+08
202	1.415877E+08
203	1.063067E+08
204	7.832293E+07
205	5.641058E+07
206	1.696187E+08
207	1.415613E+08
208	1.065183E+08
209	7.836846E+07
210	5.627381E+07
211	1.698738E+08
212	1.417075E+08
213	1.063733E+08
214	7.851596E+07
215	5.636998E+07
216	1.703921E+08
217	1.419601E+08
218	1.065920E+08
219	7.848912E+07
220	5.625044E+07
221	1.709375E+08
222	1.424094E+08
223	1.068565E+08
224	7.845862E+07
225	5.639381E+07
226	1.713138E+08
227	1.424429E+08
228	1.067479E+08
229	7.848868E+07
230	5.667894E+07
231	1.709644E+08
232	1.425956E+08
233	1.068415E+08
234	7.856418E+07
235	5.650591E+07
236	1.709828E+08
237	1.425777E+08
238	1.069749E+08
239	7.869878E+07
240	5.634411E+07
241	1.715099E+08
242	1.424625E+08
243	1.069790E+08
244	7.842805E+07
245	5.648673E+07
246	1.717359E+08
247	1.428896E+08
248	1.069072E+08
249	7.876708E+07
250	5.645894E+07
251	1.719793E+08
252	1.428756E+08
253	1.071185E+08
254	7.865756E+07
255	5.662366E+07
256	1.719891E+08
257	1.432987E+08
258	1.071730E+08
259	7.879520E+07
260	5.661152E+07
261	1.725064E+08
262	1.435335E+08
263	1.071737E+08
264	7.852562E+07
265	5.674593E+07
266	1.727712E+08
267	1.437475E+08
268	1.074194E+08
269	7.873589E+07
270	5.658563E+07
271	1.729993E+08
272	1.436157E+08
273	1.074075E+08
274	7.870061E+07
275	5.660271E+07
276	1.733766E+08
277	1.436668E+08
278	1.074714E+08
279	7.879925E+07
280	5.668210E+07
281	1.732249E+08
282	1.439133E+08
283	1.074939E+08
284	7.889826E+07
285	5.656596E+07
286	1.735891E+08
287	1.438330E+08
288	1.075947E+08
289	7.883680E+07
290	5.662087E+07
291	1.732077E+08
292	1.439961E+08
293	1.075055E+08
294	7.901370E+07
295	5.665421E+07
296	1.734821E+08
297	1.440862E+08
298	1.077804E+08
299	7.877849E+07
300	5.662204E+07
301	1.743166E+08
302	1.438957E+08
303	1.072744E+08
304	7.878566E+07
305	5.686792E+07
306	1.731869E+08
307	1.446852E+08
308	1.077336E+08
309	7.867117E+07
310	5.659558E+07
311	1.739158E+08
312	1.442579E+08
313	1.074759E+08
314	7.884310E+07
315	5.657952E+07
316	1.745946E+08
317	1.445606E+08
318	1.074183E+08
319	7.881082E+07
320	5.665550E+07
321	1.745157E+08
322	1.447079E+08
323	1.078076E+08
324	7.880600E+07
325	5.622974E+07
326	1.755299E+08
327	1.451094E+08
328	1.075892E+08
329	7.896544E+07
330	5.668398E+07
331	1.745996E+08
332	1.448543E+08
333	1.078024E+08
334	7.895502E+07
335	5.655514E+07
336	1.752787E+08
337	1.448746E+08
338	1.075936E+08
339	7.892505E+07
340	5.672711E+07
341	1.751401E+08
342	1.450849E+08
343	1.078390E+08
344	7.908669E+07
345	5.662789E+07
346	1.756929E+08
347	1.448807E+08
348	1.077152E+08
349	7.899674E+07
350	5.689367E+07
351	1.753242E+08
352	1.452663E+08
353	1.080330E+08
354	7.914955E+07
355	5.676744E+07
356	1.758032E+08
357	1.453635E+08
358	1.078492E+08
359	7.893935E+07
360	5.690847E+07
361	1.754379E+08
362	1.451642E+08
363	1.079876E+08
364	7.905198E+07
365	5.673057E+07
366	1.760592E+08
367	1.453024E+08
368	1.079747E+08
369	7.900740E+07
370	5.683090E+07
371	1.759390E+08
372	1.453802E+08
373	1.080984E+08
374	7.914000E+07
375	5.674428E+07
376	1.760387E+08
377	1.458158E+08
378	1.080445E+08
379	7.913496E+07
380	5.676200E+07
381	1.768252E+08
382	1.456703E+08
383	1.081066E+08
384	7.908154E+07
385	5.681023E+07
386	1.762612E+08
387	1.459669E+08
388	1.082433E+08
389	7.904904E+07
390	5.682932E+07
391	1.765074E+08
392	1.459887E+08
393	1.080568E+08
394	7.911956E+07
395	5.677930E+07
396	1.765515E+08
397	1.463516E+08
398	1.083239E+08
399	7.910901E+07
400	5.687401E+07
401	1.767344E+08
402	1.460260E+08
403	1.083640E+08
404	7.909470E+07
405	5.679720E+07
406	1.771967E+08
407	1.463657E+08
408	1.084432E+08
409	7.922280E+07
410	5.673816E+07
411	1.773420E+08
412	1.463442E+08
413	1.084400E+08
414	7.924573E+07
415	5.690322E+07
416	1.779397E+08
417	1.463688E+08
418	1.083857E+08
419	7.913112E+07
420	5.698594E+07
421	1.778290E+08
422	1.464847E+08
423	1.083027E+08
424	7.933402E+07
425	5.681476E+07
426	1.777451E+08
427	1.466238E+08
428	1.083076E+08
429	7.925113E+07
430	5.688407E+07
431	1.778461E+08
432	1.467171E+08
433	1.085787E+08
434	7.928669E+07
435	5.696977E+07
436	1.779795E+08
437	1.468918E+08
438	1.086407E+08
439	7.946643E+07
440	5.697225E+07
441	1.783849E+08
442	1.467052E+08
443	1.085271E+08
444	7.929523E+07
445	5.690220E+07
446	1.780465E+08
447	1.469692E+08
448	1.087777E+08
449	7.919656E+07
450	5.698334E+07
451	1.782562E+08
452	1.465705E+08
453	1.087061E+08
454	7.930535E+07
455	5.692838E+07
456	1.787240E+08
457	1.470526E+08
458	1.088748E+08
459	7.930784E+07
460	5.691826E+07
461	1.782714E+08
462	1.469947E+08
463	1.087887E+08
464	7.931683E+07
465	5.696563E+07
466	1.783683E+08
467	1.471591E+08
468	1.086763E+08
469	7.935569E+07
470	5.688335E+07
471	1.790337E+08
472	1.470986E+08
473	1.087153E+08
474	7.932038E+07
475	5.713103E+07
476	1.785190E+08
477	1.470778E+08
478	1.088554E+08
479	7.935594E+07
480	5.702784E+07
481	1.783320E+08
482	1.474038E+08
483	1.088064E+08
484	7.921861E+07
485	5.694469E+07
486	1.791446E+08
487	1.476552E+08
488	1.088674E+08
489	7.915958E+07
490	5.707968E+07
491	1.789577E+08
492	1.474391E+08
493	1.090165E+08
494	7.947402E+07
495	5.713310E+07
496	1.794164E+08
497	1.475958E+08
498	1.089681E+08
499	7.940338E+07
500	5.712956E+07
501	1.793228E+08
502	1.474450E+08
503	1.089718E+08
504	7.946021E+07
505	5.732212E+07
506	1.794881E+08
507	1.477601E+08
508	1.085045E+08
509	7.942846E+07
510	5.715129E+07
511	1.797302E+08
512	1.475858E+08
513	1.091684E+08
514	7.960111E+07
515	5.711250E+07
516	1.795503E+08
517	1.482007E+08
518	1.092321E+08
519	7.962594E+07
520	5.706901E+07
521	1.796358E+08
522	1.480155E+08
523	1.091860E+08
524	7.944064E+07
525	5.706888E+07
526	1.794778E+08
527	1.480523E+08
528	1.094079E+08
529	7.935280E+07
530	5.717259E+07
531	1.798786E+08
532	1.476308E+08
533	1.093086E+08
534	7.919939E+07
535	5.710162E+07
536	1.800776E+08
537	1.482135E+08
538	1.088780E+08
539	7.966459E+07
540	5.710054E+07
541	1.803832E+08
542	1.483861E+08
543	1.093401E+08
544	7.958126E+07
545	5.705798E+07
546	1.801882E+08
547	1.482179E+08
548	1.094538E+08
549	7.960564E+07
550	5.720445E+07
551	1.802447E+08
552	1.482612E+08
553	1.093730E+08
554	7.930211E+07
555	5.716518E+07
556	1.802831E+08
557	1.483977E+08
558	1.094191E+08
559	7.947674E+07
560	5.702050E+07
561	1.801915E+08
562	1.484214E+08
563	1.093746E+08
564	7.956838E+07
565	5.718662E+07
566	1.802749E+08
567	1.483175E+08
568	1.094215E+08
569	7.963046E+07
570	5.730634E+07
571	1.803267E+08
572	1.485092E+08
573	1.095233E+08
574	7.964640E+07
575	5.717100E+07
576	1.806041E+08
577	1.483205E+08
578	1.093639E+08
579	7.957564E+07
580	5.724772E+07
581	1.806356E+08
582	1.485374E+08
583	1.094207E+08
584	7.958515E+07
585	5.722246E+07
586	1.806392E+08
587	1.486433E+08
588	1.094494E+08
589	7.963893E+07
590	5.722244E+07
591	1.807529E+08
592	1.484684E+08
593	1.096569E+08
594	7.963178E+07
595	5.717984E+07
596	1.807873E+08
597	1.484850E+08
598	1.093459E+08
599	7.971081E+07
600	5.721245E+07
601	1.808761E+08
602	1.486642E+08
603	1.095243E+08
604	7.967259E+07
605	5.711455E+07
606	1.808548E+08
607	1.487397E+08
608	1.095661E+08
609	7.940918E+07
610	5.721638E+07
611	1.809321E+08
612	1.484599E+08
613	1.095920E+08
614	7.962677E+07
615	5.734562E+07
616	1.810210E+08
617	1.487585E+08
618	1.096788E+08
619	7.979149E+07
620	5.725761E+07
621	1.812405E+08
622	1.491054E+08
623	1.096417E+08
624	7.972596E+07
625	5.742796E+07
626	1.811908E+08
627	1.488649E+08
628	1.096035E+08
629	7.981617E+07
630	5.708002E+07
631	1.811415E+08
632	1.492665E+08
633	1.094683E+08
634	7.967219E+07
635	5.720874E+07
636	1.814140E+08
637	1.490957E+08
638	1.096781E+08
639	7.960907E+07
640	5.723682E+07
641	1.809654E+08
642	1.488961E+08
643	1.095101E+08
644	7.973288E+07
645	5.724002E+07
646	1.811598E+08
647	1.490016E+08
648	1.098108E+08
649	7.967682E+07
650	5.719812E+07
651	1.814759E+08
652	1.491724E+08
653	1.097736E+08
654	7.938546E+07
655	5.717885E+07
656	1.816324E+08
657	1.492260E+08
658	1.099663E+08
659	7.969821E+07
660	5.739521E+07
661	1.813566E+08
662	1.491231E+08
663	1.097400E+08
664	7.955150E+07
665	5.733759E+07
666	1.817922E+08
667	1.489475E+08
668	1.098194E+08
669	7.959262E+07
670	5.734305E+07
671	1.817730E+08
672	1.494156E+08
673	1.097830E+08
674	7.964844E+07
675	5.722979E+07
676	1.818460E+08
677	1.493755E+08
678	1.098661E+08
679	7.975600E+07
680	5.725673E+07
681	1.816336E+08
682	1.494972E+08
683	1.100935E+08
684	7.973461E+07
685	5.737004E+07
686	1.818129E+08
687	1.494022E+08
688	1.098495E+08
689	7.989434E+07
690	5.725723E+07
691	1.819889E+08
692	1.494559E+08
693	1.098114E+08
694	7.976349E+07
695	5.734587E+07
696	1.823676E+08
697	1.495697E+08
698	1.100157E+08
699	7.986160E+07
700	5.726422E+07
701	1.824408E+08
702	1.495784E+08
703	1.100165E+08
704	7.978678E+07
705	5.735311E+07
706	1.824360E+08
707	1.499038E+08
708	1.103287E+08
709	7.985502E+07
710	5.749277E+07
711	1.824149E+08
712	1.495420E+08
713	1.101010E+08
714	8.007510E+07
715	5.731505E+07
716	1.820894E+08
717	1.496311E+08
718	1.099905E+08
719	8.001051E+07
720	5.739462E+07
721	1.827956E+08
722	1.497965E+08
723	1.101209E+08
724	7.982440E+07
725	5.737261E+07
726	1.824708E+08
727	1.495991E+08
728	1.098069E+08
729	8.014154E+07
730	5.734695E+07
731	1.824452E+08
732	1.498688E+08
733	1.101671E+08
734	7.969786E+07
735	5.753390E+07
736	1.826331E+08
737	1.499864E+08
738	1.101094E+08
739	8.001419E+07
740	5.740647E+07
741	1.825943E+08
742	1.498688E+08
743	1.100276E+08
744	7.979302E+07
745	5.743317E+07
746	1.828328E+08
747	1.500405E+08
748	1.100856E+08
749	8.022017E+07
750	5.743485E+07
751	1.824796E+08
752	1.499543E+08
753	1.105315E+08
754	7.990928E+07
755	5.739830E+07
756	1.829881E+08
757	1.501549E+08
758	1.101481E+08
759	7.990560E+07
760	5.745289E+07
761	1.830663E+08
762	1.501806E+08
763	1.104491E+08
764	7.995424E+07
765	5.752387E+07
766	1.825912E+08
767	1.501048E+08
768	1.101966E+08
769	7.999829E+07
770	5.738965E+07
771	1.828831E+08
772	1.498397E+08
773	1.101395E+08
774	7.991366E+07
775	5.733060E+07
776	1.828846E+08
777	1.502227E+08
778	1.102410E+08
779	8.013590E+07
780	5.729810E+07
781	1.828827E+08
782	1.500180E+08
783	1.102227E+08
784	8.007998E+07
785	5.765421E+07
786	1.828632E+08
787	1.500504E+08
788	1.103654E+08
789	8.029970E+07
790	5.750827E+07
791	1.830428E+08
792	1.501937E+08
793	1.101751E+08
794	8.004355E+07
795	5.750589E+07
796	1.838140E+08
797	1.498808E+08
798	1.101242E+08
799	8.011968E+07
800	5.745836E+07
801	1.833373E+08
802	1.503866E+08
803	1.102159E+08
804	8.002574E+07
805	5.754862E+07
806	1.833106E+08
807	1.503241E+08
808	1.102468E+08
809	8.014173E+07
810	5.738370E+07
811	1.829881E+08
812	1.502270E+08
813	1.102833E+08
814	8.021082E+07
815	5.729070E+07
816	1.827356E+08
817	1.501622E+08
818	1.103067E+08
819	8.010220E+07
820	5.747882E+07
821	1.832719E+08
822	1.503664E+08
823	1.101726E+08
824	8.005607E+07
825	5.750058E+07
826	1.830313E+08
827	1.504701E+08
828	1.102204E+08
829	8.014453E+07
830	5.746218E+07
831	1.832605E+08
832	1.506858E+08
833	1.100635E+08
834	7.996672E+07
835	5.748477E+07
836	1.843250E+08
837	1.507856E+08
838	1.101600E+08
839	8.007170E+07
840	5.744213E+07
841	1.830769E+08
842	1.509046E+08
843	1.104827E+08
844	8.008620E+07
845	5.739790E+07
846	1.835495E+08
847	1.505496E+08
848	1.102159E+08
849	7.962576E+07
850	5.749583E+07
851	1.825815E+08
852	1.511463E+08
853	1.102941E+08
854	8.021248E+07
855	5.740334E+07
856	1.840952E+08
857	1.505740E+08
858	1.102711E+08
859	8.011030E+07
860	5.756037E+07
861	1.843899E+08
862	1.501929E+08
863	1.103806E+08
864	7.993408E+07
865	5.733302E+07
866	1.840485E+08
867	1.509418E+08
868	1.102489E+08
869	8.009927E+07
870	5.754801E+07
871	1.837570E+08
872	1.506684E+08
873	1.104374E+08
874	7.996376E+07
875	5.747930E+07
876	1.837061E+08
877	1.503186E+08
878	1.104175E+08
879	7.997891E+07
880	5.745172E+07
881	1.837653E+08
882	1.503757E+08
883	1.103960E+08
884	8.020518E+07
885	5.751943E+07
886	1.840967E+08
887	1.505852E+08
888	1.105265E+08
889	8.027834E+07
890	5.752942E+07
891	1.840385E+08
892	1.507184E+08
893	1.103814E+08
894	8.012693E+07
895	5.750489E+07
896	1.837106E+08
897	1.508442E+08
898	1.105696E+08
899	7.992831E+07
900	5.745072E+07
901	1.839294E+08
902	1.506688E+08
903	1.104074E+08
904	8.011814E+07
905	5.752476E+07
906	1.840250E+08
907	1.506483E+08
908	1.105803E+08
909	8.001236E+07
910	5.782422E+07
911	1.842423E+08
912	1.506576E+08
913	1.104944E+08
914	8.000035E+07
915	5.756638E+07
916	1.838574E+08
917	1.506881E+08
918	1.101779E+08
919	8.021277E+07
920	5.741655E+07
921	1.835789E+08
922	1.510867E+08
923	1.105823E+08
924	8.037073E+07
925	5.776081E+07
926	1.842331E+08
927	1.511687E+08
928	1.106294E+08
929	8.020677E+07
930	5.759510E+07
931	1.839234E+08
932	1.507008E+08
933	1.108345E+08
934	8.015602E+07
935	5.755826E+07
936	1.839171E+08
937	1.509958E+08
938	1.105345E+08
939	8.019722E+07
940	5.761856E+07
941	1.842267E+08
942	1.508179E+08
943	1.106569E+08
944	8.029268E+07
945	5.759684E+07
946	1.845170E+08
947	1.510168E+08
948	1.106994E+08
949	8.017476E+07
950	5.757675E+07
951	1.845374E+08
952	1.513299E+08
953	1.106036E+08
954	8.031529E+07
955	5.754186E+07
956	1.844989E+08
957	1.509370E+08
958	1.106346E+08
959	7.996930E+07
960	5.777840E+07
961	1.840986E+08
962	1.512270E+08
963	1.107035E+08
964	8.012449E+07
965	5.762684E+07
966	1.846254E+08
967	1.509763E+08
968	1.107702E+08
969	8.022281E+07
970	5.758491E+07
971	1.847944E+08
972	1.510910E+08
973	1.105890E+08
974	8.045653E+07
975	5.760312E+07
976	1.846596E+08
977	1.511832E+08
978	1.107391E+08
979	8.026816E+07
980	5.765827E+07
981	1.840174E+08
982	1.514242E+08
983	1.109636E+08
984	8.011358E+07
985	5.775948E+07
986	1.845035E+08
987	1.517544E+08
988	1.107738E+08
989	8.010107E+07
990	5.764049E+07
991	1.847312E+08
992	1.511242E+08
993	1.108635E+08
994	8.012055E+07
995	5.756094E+07
996	1.848868E+08
997	1.512916E+08
998	1.107675E+08
999	8.010094E+07
1000	5.765290E+07
1001	1.844782E+08
1002	1.513479E+08
1003	1.105231E+08
1004	8.016483E+07
1005	5.770385E+07
1006	1.846978E+08
1007	1.512579E+08
1008	1.107944E+08
1009	8.019603E+07
1010	5.761571E+07
1011	1.849010E+08
1012	1.515712E+08
1013	1.106664E+08
1014	8.019690E+07
1015	5.762129E+07
1016	1.848087E+08
1017	1.510754E+08
1018	1.106694E+08
1019	8.031230E+07
1020	5.742119E+07
1021	1.850564E+08
1022	1.515319E+08
1023	1.107811E+08
1024	8.017305E+07
1025	5.757938E+07
1026	1.844474E+08
1027	1.513935E+08
1028	1.109222E+08
1029	8.046053E+07
1030	5.770084E+07
1031	1.848326E+08
1032	1.513115E+08
1033	1.105338E+08
1034	8.003418E+07
1035	5.735207E+07
1036	1.846724E+08
1037	1.510391E+08
1038	1.102262E+08
1039	7.958658E+07
1040	5.701970E+07
1041	1.845758E+08
1042	1.508259E+08
1043	1.096183E+08
1044	7.929186E+07
1045	5.689362E+07
1046	1.834784E+08
1047	1.498940E+08
1048	1.092428E+08
1049	7.895670E+07
1050	5.653101E+07
1051	1.835400E+08
1052	1.493789E+08
1053	1.087399E+08
1054	7.859981E+07
1055	5.623100E+07
1056	1.821753E+08
1057	1.485391E+08
1058	1.079840E+08
1059	7.802051E+07
1060	5.605452E+07
1061	1.812271E+08
1062	1.477893E+08
1063	1.075441E+08
1064	7.761987E+07
1065	5.570439E+07
1066	1.798119E+08
1067	1.465896E+08
1068	1.069366E+08
1069	7.732710E+07
1070	5.538826E+07
1071	1.788830E+08
1072	1.460271E+08
1073	1.066274E+08
1074	7.709414E+07
1075	5.506160E+07
1076	1.778718E+08
1077	1.449770E+08
1078	1.057412E+08
1079	7.659789E+07
1080	5.505042E+07
1081	1.764916E+08
1082	1.442877E+08
1083	1.053196E+08
1084	7.618033E+07
1085	5.461955E+07
1086	1.751493E+08
1087	1.432968E+08
1088	1.047754E+08
1089	7.568520E+07
1090	5.452744E+07
1091	1.742974E+08
1092	1.425098E+08
1093	1.042352E+08
1094	7.566515E+07
1095	5.413127E+07
1096	1.731349E+08
1097	1.420541E+08
1098	1.038311E+08
1099	7.528391E+07
1100	5.388850E+07
1101	1.722410E+08
1102	1.412796E+08
1103	1.032699E+08
1104	7.482894E+07
1105	5.364599E+07
1106	1.710648E+08
1107	1.399688E+08
1108	1.032578E+08
1109	7.430928E+07
1110	5.344288E+07
1111	1.695323E+08
1112	1.392591E+08
1113	1.024792E+08
1114	7.450308E+07
1115	5.345024E+07
1116	1.691240E+08
1117	1.386468E+08
1118	1.022135E+08
1119	7.405608E+07
1120	5.321087E+07
1121	1.674458E+08
1122	1.377048E+08
1123	1.014673E+08
1124	7.397019E+07
1125	5.299213E+07
1126	1.666776E+08
1127	1.371615E+08
1128	1.007689E+08
1129	7.376135E+07
1130	5.278341E+07
1131	1.656182E+08
1132	1.364379E+08
1133	1.007808E+08
1134	7.335086E+07
1135	5.258070E+07
1136	1.648079E+08
1137	1.356346E+08
1138	1.000679E+08
1139	7.329966E+07
1140	5.243212E+07
1141	1.643060E+08
1142	1.350260E+08
1143	9.992184E+07
1144	7.291352E+07
1145	5.222880E+07
1146	1.631954E+08
1147	1.343610E+08
1148	9.981210E+07
1149	7.272670E+07
1150	5.202322E+07
1151	1.625387E+08
1152	1.337227E+08
1153	9.912318E+07
1154	7.245926E+07
1155	5.198662E+07
1156	1.615165E+08
1157	1.334429E+08
1158	9.896322E+07
1159	7.221333E+07
1160	5.162392E+07
1161	1.605771E+08
1162	1.325919E+08
1163	9.848031E+07
1164	7.191492E+07
1165	5.154978E+07
1166	1.602387E+08
1167	1.322064E+08
1168	9.800372E+07
1169	7.186748E+07
1170	5.151452E+07
1171	1.593308E+08
1172	1.317110E+08
1173	9.785022E+07
1174	7.164447E+07
1175	5.131795E+07
1176	1.583664E+08
1177	1.312260E+08
1178	9.754661E+07
1179	7.148584E+07
1180	5.100379E+07
1181	1.578410E+08
1182	1.306408E+08
1183	9.734746E+07
1184	7.124396E+07
1185	5.097350E+07
1186	1.566743E+08
1187	1.297236E+08
1188	9.672669E+07
1189	7.083282E+07
1190	5.076761E+07
1191	1.557168E+08
1192	1.292256E+08
1193	9.625680E+07
1194	7.053507E+07
1195	5.058395E+07
1196	1.552444E+08
1197	1.287570E+08
1198	9.622457E+07
1199	7.101816E+07
1200	5.098056E+07
1201	1.545907E+08
1202	1.287644E+08
1203	9.670863E+07
1204	7.142595E+07
1205	5.112807E+07
1206	1.545872E+08
1207	1.292764E+08
1208	9.753130E+07
1209	7.196424E+07
1210	5.170959E+07
1211	1.558442E+08
1212	1.298781E+08
1213	9.814101E+07
1214	7.267048E+07
1215	5.206512E+07
1216	1.561143E+08
1217	1.305732E+08
1218	9.895788E+07
1219	7.316606E+07
1220	5.263400E+07
1221	1.569167E+08
1222	1.313289E+08
1223	9.981581E+07
1224	7.393609E+07
1225	5.300366E+07
1226	1.575287E+08
1227	1.320948E+08
1228	1.003542E+08
1229	7.436791E+07
1230	5.334494E+07
1231	1.576879E+08
1232	1.326419E+08
1233	1.007677E+08
1234	7.486170E+07
1235	5.360585E+07
1236	1.584961E+08
1237	1.333898E+08
1238	1.014221E+08
1239	7.529131E+07
1240	5.388535E+07
1241	1.590926E+08
1242	1.338852E+08
1243	1.016917E+08
1244	7.537149E+07
1245	5.410054E+07
1246	1.595779E+08
1247	1.341384E+08
1248	1.021668E+08
1249	7.560448E+07
1250	5.423516E+07
1251	1.598789E+08
1252	1.346396E+08
1253	1.020741E+08
1254	7.576529E+07
1255	5.430941E+07
1256	1.601336E+08
1257	1.349119E+08
1258	1.024743E+08
1259	7.604381E+07
1260	5.451485E+07
1261	1.608820E+08
1262	1.352972E+08
1263	1.028132E+08
1264	7.621405E+07
1265	5.455518E+07
1266	1.613716E+08
1267	1.355607E+08
1268	1.030490E+08
1269	7.632051E+07
1270	5.485282E+07
1271	1.615648E+08
1272	1.359101E+08
1273	1.029324E+08
1274	7.649655E+07
1275	5.480058E+07
1276	1.618540E+08
1277	1.359921E+08
1278	1.032980E+08
1279	7.645382E+07
1280	5.486658E+07
1281	1.621304E+08
1282	1.362972E+08
1283	1.035391E+08
1284	7.665986E+07
1285	5.485264E+07
1286	1.623104E+08
1287	1.363227E+08
1288	1.036452E+08
1289	7.656083E+07
1290	5.484400E+07
1291	1.625437E+08
1292	1.367698E+08
1293	1.039867E+08
1294	7.671843E+07
1295	5.485392E+07
1296	1.628640E+08
1297	1.368593E+08
1298	1.035028E+08
1299	7.675155E+07
1300	5.505910E+07
1301	1.632829E+08
1302	1.370193E+08
1303	1.037003E+08
1304	7.685428E+07
1305	5.499642E+07
1306	1.633990E+08
1307	1.373853E+08
1308	1.039220E+08
1309	7.681025E+07
1310	5.514680E+07
1311	1.638523E+08
1312	1.371900E+08
1313	1.041701E+08
1314	7.695366E+07
1315	5.531964E+07
1316	1.645656E+08
1317	1.374262E+08
1318	1.042839E+08
1319	7.698512E+07
1320	5.500117E+07
1321	1.646484E+08
1322	1.379758E+08
1323	1.043935E+08
1324	7.708766E+07
1325	5.529641E+07
1326	1.656482E+08
1327	1.384280E+08
1328	1.044378E+08
1329	7.704386E+07
1330	5.525199E+07
1331	1.655093E+08
1332	1.386385E+08
1333	1.046321E+08
1334	7.723335E+07
1335	5.525293E+07
1336	1.657269E+08
1337	1.386573E+08
1338	1.045676E+08
1339	7.717774E+07
1340	5.540156E+07
1341	1.658380E+08
1342	1.390907E+08
1343	1.046693E+08
1344	7.722451E+07
1345	5.541156E+07
1346	1.664434E+08
1347	1.387119E+08
1348	1.046856E+08
1349	7.739742E+07
1350	5.519640E+07
1351	1.666110E+08
1352	1.392176E+08
1353	1.048835E+08
1354	7.722301E+07
1355	5.549576E+07
1356	1.664796E+08
1357	1.399057E+08
1358	1.051109E+08
1359	7.736640E+07
1360	5.560359E+07
1361	1.676561E+08
1362	1.397671E+08
1363	1.052210E+08
1364	7.739266E+07
1365	5.556389E+07
1366	1.683014E+08
1367	1.403394E+08
1368	1.052400E+08
1369	7.744969E+07
1370	5.557363E+07
1371	1.683183E+08
1372	1.403303E+08
1373	1.054577E+08
1374	7.746054E+07
1375	5.563810E+07
1376	1.678842E+08
1377	1.405155E+08
1378	1.054424E+08
1379	7.762438E+07
1380	5.550167E+07
1381	1.688782E+08
1382	1.409115E+08
1383	1.055138E+08
1384	7.786457E+07
1385	5.587749E+07
1386	1.697358E+08
1387	1.410203E+08
1388	1.056663E+08
1389	7.779061E+07
1390	5.580923E+07
1391	1.695285E+08
1392	1.416717E+08
1393	1.058365E+08
1394	7.785674E+07
1395	5.601310E+07
1396	1.702952E+08
1397	1.420210E+08
1398	1.060640E+08
1399	7.774975E+07
1400	5.586079E+07
1401	1.708673E+08
1402	1.421996E+08
1403	1.063610E+08
1404	7.799846E+07
1405	5.601029E+07
1406	1.710604E+08
1407	1.421129E+08
1408	1.062151E+08
1409	7.803256E+07
1410	5.590730E+07
1411	1.708711E+08
1412	1.424937E+08
1413	1.064366E+08
1414	7.811130E+07
1415	5.611503E+07
1416	1.713836E+08
1417	1.426700E+08
1418	1.064938E+08
1419	7.815355E+07
1420	5.610516E+07
1421	1.719361E+08
1422	1.431766E+08
1423	1.067962E+08
1424	7.842902E+07
1425	5.614489E+07
1426	1.728030E+08
1427	1.434733E+08
1428	1.071860E+08
1429	7.848929E+07
1430	5.623207E+07
1431	1.731346E+08
1432	1.438196E+08
1433	1.071180E+08
1434	7.853710E+07
1435	5.619762E+07
1436	1.735710E+08
1437	1.437477E+08
1438	1.071837E+08
1439	7.844325E+07
1440	5.627154E+07
1441	1.737855E+08
1442	1.439923E+08
1443	1.072411E+08
1444	7.865001E+07
1445	5.626461E+07
1446	1.738201E+08
1447	1.443578E+08
1448	1.073239E+08
1449	7.850544E+07
1450	5.653462E+07
1451	1.740526E+08
1452	1.444987E+08
1453	1.074532E+08
1454	7.877794E+07
1455	5.621294E+07
1456	1.751273E+08
1457	1.448124E+08
1458	1.075484E+08
1459	7.880710E+07
1460	5.653426E+07
1461	1.751504E+08
1462	1.452800E+08
1463	1.078543E+08
1464	7.875427E+07
1465	5.654889E+07
1466	1.753478E+08
1467	1.451820E+08
1468	1.079445E+08
1469	7.877279E+07
1470	5.646724E+07
1471	1.753405E+08
1472	1.453258E+08
1473	1.079953E+08
1474	7.893432E+07
1475	5.653697E+07
1476	1.756379E+08
1477	1.453061E+08
1478	1.080016E+08
1479	7.894173E+07
1480	5.658308E+07
1481	1.758648E+08
1482	1.457296E+08
1483	1.081883E+08
1484	7.905430E+07
1485	5.673939E+07
1486	1.759941E+08
1487	1.456551E+08
1488	1.082481E+08
1489	7.897747E+07
1490	5.675886E+07
1491	1.767308E+08
1492	1.458680E+08
1493	1.082385E+08
1494	7.909182E+07
1495	5.669613E+07
1496	1.763202E+08
1497	1.460291E+08
1498	1.082828E+08
1499	7.918952E+07
1500	5.686984E+07
1501	1.771379E+08
1502	1.461756E+08
1503	1.082184E+08
1504	7.906924E+07
1505	5.671595E+07
1506	1.773783E+08
1507	1.464494E+08
1508	1.085138E+08
1509	7.913780E+07
1510	5.681427E+07
1511	1.773075E+08
1512	1.466810E+08
1513	1.084711E+08
1514	7.921750E+07
1515	5.690338E+07
1516	1.774253E+08
1517	1.465303E+08
1518	1.085204E+08
1519	7.925373E+07
1520	5.687029E+07
1521	1.774853E+08
1522	1.465782E+08
1523	1.084618E+08
1524	7.914523E+07
1525	5.673056E+07
1526	1.778272E+08
1527	1.465043E+08
1528	1.081023E+08
1529	7.872040E+07
1530	5.652564E+07
1531	1.773837E+08
1532	1.460628E+08
1533	1.077559E+08
1534	7.837346E+07
1535	5.623330E+07
1536	1.772367E+08
1537	1.458014E+08
1538	1.073954E+08
1539	7.804514E+07
1540	5.595718E+07
1541	1.767379E+08
1542	1.451102E+08
1543	1.068271E+08
1544	7.758822E+07
1545	5.564734E+07
1546	1.760898E+08
1547	1.446156E+08
1548	1.063334E+08
1549	7.718638E+07
1550	5.533068E+07
1551	1.751753E+08
1552	1.440563E+08
1553	1.057780E+08
1554	7.679906E+07
1555	5.498297E+07
1556	1.741189E+08
1557	1.429614E+08
1558	1.051726E+08
1559	7.644902E+07
1560	5.474348E+07
1561	1.736764E+08
1562	1.422691E+08
1563	1.047531E+08
1564	7.600110E+07
1565	5.445847E+07
1566	1.728683E+08
1567	1.413084E+08
1568	1.041806E+08
1569	7.578365E+07
1570	5.420750E+07
1571	1.717936E+08
1572	1.409561E+08
1573	1.037236E+08
1574	7.532888E+07
1575	5.390762E+07
1576	1.710316E+08
1577	1.402540E+08
1578	1.033853E+08
1579	7.499835E+07
1580	5.371741E+07
1581	1.706278E+08
1582	1.399157E+08
1583	1.026661E+08
1584	7.467422E+07
1585	5.357800E+07
1586	1.689675E+08
1587	1.391385E+08
1588	1.022240E+08
1589	7.448870E+07
1590	5.330410E+07
1591	1.685250E+08
1592	1.380806E+08
1593	1.018854E+08
1594	7.423578E+07
1595	5.306562E+07
1596	1.669984E+08
1597	1.374585E+08
1598	1.012138E+08
1599	7.392787E+07
1600	5.293034E+07
1601	1.662050E+08
1602	1.366826E+08
1603	1.009886E+08
1604	7.368082E+07
1605	5.281341E+07
1606	1.652301E+08
1607	1.360930E+08
1608	1.007173E+08
1609	7.341417E+07
1610	5.256972E+07
1611	1.649490E+08
1612	1.356613E+08
1613	1.001536E+08
1614	7.315274E+07
1615	5.234142E+07
1616	1.640276E+08
1617	1.346655E+08
1618	9.989702E+07
1619	7.309326E+07
1620	5.237321E+07
1621	1.623072E+08
1622	1.338277E+08
1623	9.943302E+07
1624	7.258213E+07
1625	5.215945E+07
1626	1.613862E+08
1627	1.334560E+08
1628	9.894226E+07
1629	7.255642E+07
1630	5.194682E+07
1631	1.608098E+08
1632	1.328377E+08
1633	9.877195E+07
1634	7.224381E+07
1635	5.178952E+07
1636	1.598839E+08
1637	1.322585E+08
1638	9.831648E+07
1639	7.195486E+07
1640	5.162922E+07
1641	1.587996E+08
1642	1.315819E+08
1643	9.797453E+07
1644	7.178354E+07
1645	5.142852E+07
1646	1.579632E+08
1647	1.309788E+08
1648	9.758040E+07
1649	7.157211E+07
1650	5.127469E+07
1651	1.572603E+08
1652	1.305431E+08
1653	9.726716E+07
1654	7.139958E+07
1655	5.114425E+07
1656	1.565592E+08
1657	1.295665E+08
1658	9.680200E+07
1659	7.107937E+07
1660	5.090337E+07
1661	1.547954E+08
1662	1.289903E+08
1663	9.638391E+07
1664	7.092098E+07
1665	5.073321E+07
1666	1.547173E+08
1667	1.286044E+08
1668	9.616455E+07
1669	7.056006E+07
1670	5.064860E+07
1671	1.537771E+08
1672	1.278042E+08
1673	9.592978E+07
1674	7.050713E+07
1675	5.056200E+07
1676	1.529642E+08
1677	1.274111E+08
1678	9.601693E+07
1679	7.107081E+07
1680	5.088916E+07
1681	1.532456E+08
1682	1.282034E+08
1683	9.677146E+07
1684	7.146185E+07
1685	5.133982E+07
1686	1.535772E+08
1687	1.286620E+08
1688	9.729398E+07
1689	7.217256E+07
1690	5.189532E+07
1691	1.543291E+08
1692	1.295377E+08
1693	9.819294E+07
1694	7.241891E+07
1695	5.219428E+07
1696	1.556831E+08
1697	1.302013E+08
1698	9.877634E+07
1699	7.346221E+07
1700	5.269948E+07
1701	1.556806E+08
1702	1.310986E+08
1703	9.942892E+07
1704	7.382194E+07
1705	5.303078E+07
1706	1.562289E+08
1707	1.314445E+08
1708	1.000799E+08
1709	7.444415E+07
1710	5.338772E+07
1711	1.570091E+08
1712	1.322175E+08
1713	1.006810E+08
1714	7.483042E+07
1715	5.358906E+07
1716	1.578347E+08
1717	1.329259E+08
1718	1.012474E+08
1719	7.520396E+07
1720	5.402959E+07
1721	1.586180E+08
1722	1.336934E+08
1723	1.020249E+08
1724	7.560871E+07
1725	5.421461E+07
1726	1.588424E+08
1727	1.338640E+08
1728	1.020491E+08
1729	7.553497E+07
1730	5.417136E+07
1731	1.595206E+08
1732	1.341367E+08
1733	1.022250E+08
1734	7.567786E+07
1735	5.436104E+07
1736	1.596444E+08
1737	1.346056E+08
1738	1.025577E+08
1739	7.578088E+07
1740	5.440219E+07
1741	1.601068E+08
1742	1.348923E+08
1743	1.025004E+08
1744	7.605144E+07
1745	5.441716E+07
1746	1.601544E+08
1747	1.350985E+08
1748	1.028557E+08
1749	7.635176E+07
1750	5.473232E+07
1751	1.607652E+08
1752	1.355819E+08
1753	1.032352E+08
1754	7.631533E+07
1755	5.478563E+07
1756	1.614235E+08
1757	1.357080E+08
1758	1.032568E+08
1759	7.645688E+07
1760	5.486573E+07
1761	1.616981E+08
1762	1.359340E+08
1763	1.033535E+08
1764	7.644385E+07
1765	5.506298E+07
1766	1.618286E+08
1767	1.361733E+08
1768	1.033893E+08
1769	7.666446E+07
1770	5.487107E+07
1771	1.622560E+08
1772	1.362959E+08
1773	1.037752E+08
1774	7.660758E+07
1775	5.501622E+07
1776	1.624518E+08
1777	1.363999E+08
1778	1.034434E+08
1779	7.662796E+07
1780	5.490443E+07
1781	1.630968E+08
1782	1.363321E+08
1783	1.036798E+08
1784	7.660286E+07
1785	5.504263E+07
1786	1.628239E+08
1787	1.368904E+08
1788	1.037657E+08
1789	7.679130E+07
1790	5.493180E+07
1791	1.632289E+08
1792	1.369693E+08
1793	1.040410E+08
1794	7.670407E+07
1795	5.508122E+07
1796	1.637579E+08
1797	1.372866E+08
1798	1.040496E+08
1799	7.695054E+07
1800	5.503619E+07
1801	1.639588E+08
1802	1.374417E+08
1803	1.041700E+08
1804	7.690942E+07
1805	5.519633E+07
1806	1.644448E+08
1807	1.377759E+08
1808	1.041412E+08
1809	7.694862E+07
1810	5.503114E+07
1811	1.648534E+08
1812	1.381999E+08
1813	1.041089E+08
1814	7.702256E+07
1815	5.519254E+07
1816	1.650560E+08
1817	1.381416E+08
1818	1.043424E+08
1819	7.705912E+07
1820	5.529286E+07
1821	1.655981E+08
1822	1.383025E+08
1823	1.046199E+08
1824	7.704894E+07
1825	5.540013E+07
1826	1.661762E+08
1827	1.383512E+08
1828	1.044892E+08
1829	7.723078E+07
1830	5.524817E+07
1831	1.659429E+08
1832	1.390821E+08
1833	1.046658E+08
1834	7.718339E+07
1835	5.546298E+07
1836	1.667125E+08
1837	1.392476E+08
1838	1.049632E+08
1839	7.740570E+07
1840	5.542563E+07
1841	1.669797E+08
1842	1.391245E+08
1843	1.051758E+08
1844	7.717786E+07
1845	5.528082E+07
1846	1.677710E+08
1847	1.397743E+08
1848	1.048132E+08
1849	7.727266E+07
1850	5.527451E+07
1851	1.676291E+08
1852	1.397144E+08
1853	1.052123E+08
1854	7.720942E+07
1855	5.543070E+07
1856	1.677502E+08
1857	1.402494E+08
1858	1.052425E+08
1859	7.739824E+07
1860	5.546522E+07
1861	1.681840E+08
1862	1.403302E+08
1863	1.050710E+08
1864	7.732155E+07
1865	5.559226E+07
1866	1.684487E+08
1867	1.411562E+08
1868	1.053019E+08
1869	7.733984E+07
1870	5.557269E+07
1871	1.690880E+08
1872	1.406739E+08
1873	1.054371E+08
1874	7.776785E+07
1875	5.557644E+07
1876	1.693908E+08
1877	1.409609E+08
1878	1.055191E+08
1879	7.755258E+07
1880	5.572262E+07
1881	1.697680E+08
1882	1.412463E+08
1883	1.055304E+08
1884	7.760026E+07
1885	5.559308E+07
1886	1.698957E+08
1887	1.411857E+08
1888	1.056534E+08
1889	7.764978E+07
1890	5.565068E+07
1891	1.705696E+08
1892	1.412158E+08
1893	1.057353E+08
1894	7.760248E+07
1895	5.558256E+07
1896	1.703425E+08
1897	1.416792E+08
1898	1.060986E+08
1899	7.784066E+07
1900	5.575360E+07
1901	1.706396E+08
1902	1.417747E+08
1903	1.058416E+08
1904	7.770408E+07
1905	5.554034E+07
1906	1.712573E+08
1907	1.420236E+08
1908	1.061988E+08
1909	7.771368E+07
1910	5.573165E+07
1911	1.709640E+08
1912	1.421832E+08
1913	1.064583E+08
1914	7.780753E+07
1915	5.572659E+07
1916	1.714063E+08
1917	1.423503E+08
1918	1.061635E+08
1919	7.790421E+07
1920	5.577476E+07
1921	1.720268E+08
1922	1.423111E+08
1923	1.062438E+08
1924	7.791757E+07
1925	5.588548E+07
1926	1.720392E+08
1927	1.427966E+08
1928	1.063691E+08
1929	7.797450E+07
1930	5.585477E+07
1931	1.720515E+08
1932	1.429239E+08
1933	1.064970E+08
1934	7.790570E+07
1935	5.607595E+07
1936	1.723604E+08
1937	1.432961E+08
1938	1.065959E+08
1939	7.802839E+07
1940	5.593540E+07
1941	1.725907E+08
1942	1.433010E+08
1943	1.066182E+08
1944	7.815002E+07
1945	5.597771E+07
1946	1.728231E+08
1947	1.433090E+08
1948	1.066476E+08
1949	7.811565E+07
1950	5.617034E+07
1951	1.733350E+08
1952	1.434924E+08
1953	1.068107E+08
1954	7.811307E+07
1955	5.616001E+07
1956	1.735217E+08
1957	1.435169E+08
1958	1.068126E+08
1959	7.822577E+07
1960	5.611025E+07
1961	1.740146E+08
1962	1.438310E+08
1963	1.070119E+08
1964	7.825640E+07
1965	5.606218E+07
1966	1.737289E+08
1967	1.437782E+08
1968	1.069581E+08
1969	7.825046E+07
1970	5.617036E+07
1971	1.740730E+08
1972	1.438717E+08
1973	1.070598E+08
1974	7.840734E+07
1975	5.623140E+07
1976	1.742369E+08
1977	1.441121E+08
1978	1.071058E+08
1979	7.834261E+07
1980	5.622499E+07
1981	1.743187E+08
1982	1.442143E+08
1983	1.070360E+08
1984	7.831145E+07
1985	5.600431E+07
1986	1.749902E+08
1987	1.444790E+08
1988	1.073228E+08
1989	7.831770E+07
1990	5.642712E+07
1991	1.743080E+08
1992	1.443444E+08
1993	1.073315E+08
1994	7.832660E+07
1995	5.615347E+07
1996	1.747895E+08
1997	1.445803E+08
1998	1.071732E+08
1999	7.839790E+07
2000	5.639615E+07
2001	1.754554E+08
2002	1.442303E+08
2003	1.074529E+08
2004	7.824736E+07
2005	5.625146E+07
2006	1.759480E+08
2007	1.446306E+08
2008	1.074735E+08
2009	7.863829E+07
2010	5.629292E+07
2011	1.762297E+08
2012	1.451911E+08
2013	1.075574E+08
2014	7.847178E+07
2015	5.652768E+07
2016	1.757036E+08
2017	1.452428E+08
2018	1.077644E+08
2019	7.862130E+07
2020	5.643680E+07
2021	1.768015E+08
2022	1.457170E+08
2023	1.076454E+08
2024	7.861240E+07
2025	5.635966E+07
2026	1.753586E+08
2027	1.453288E+08
2028	1.077985E+08
2029	7.869045E+07
2030	5.639331E+07
2031	1.757288E+08
2032	1.454857E+08
2033	1.077552E+08
2034	7.857250E+07
2035	5.637041E+07
2036	1.755562E+08
2037	1.451927E+08
2038	1.078052E+08
2039	7.873390E+07
2040	5.644451E+07
2041	1.758553E+08
2042	1.455879E+08
2043	1.075736E+08
2044	7.854064E+07
2045	5.633547E+07
2046	1.761455E+08
2047	1.453201E+08
2048	1.076194E+08
2049	7.873630E+07
2050	5.648506E+07
2051	1.766233E+08
2052	1.453992E+08
2053	1.078304E+08
2054	7.860701E+07
2055	5.640840E+07
2056	1.762265E+08
2057	1.457444E+08
2058	1.077453E+08
2059	7.859374E+07
2060	5.650219E+07
2061	1.767535E+08
2062	1.452584E+08
2063	1.079893E+08
2064	7.853822E+07
2065	5.651074E+07
2066	1.767874E+08
2067	1.454820E+08
2068	1.079050E+08
2069	7.869466E+07
2070	5.654358E+07
2071	1.771838E+08
2072	1.458939E+08
2073	1.078433E+08
2074	7.888747E+07
2075	5.647768E+07
2076	1.776076E+08
2077	1.461151E+08
2078	1.077606E+08
2079	7.859650E+07
2080	5.650998E+07
2081	1.766262E+08
2082	1.461688E+08
2083	1.079914E+08
2084	7.896232E+07
2085	5.645974E+07
2086	1.769478E+08
2087	1.462790E+08
2088	1.081518E+08
2089	7.857276E+07
2090	5.648458E+07
2091	1.771612E+08
2092	1.459930E+08
2093	1.084392E+08
2094	7.872409E+07
2095	5.635698E+07
2096	1.771255E+08
2097	1.461938E+08
2098	1.079109E+08
2099	7.854938E+07
2100	5.648081E+07
2101	1.773863E+08
2102	1.462777E+08
2103	1.075734E+08
2104	7.882903E+07
2105	5.650112E+07
2106	1.775512E+08
2107	1.462196E+08
2108	1.080470E+08
2109	7.877617E+07
2110	5.657771E+07
2111	1.775315E+08
2112	1.464636E+08
2113	1.085348E+08
2114	7.870716E+07
2115	5.652136E+07
2116	1.781939E+08
2117	1.462647E+08
2118	1.081475E+08
2119	7.890675E+07
2120	5.647954E+07
2121	1.778650E+08
2122	1.462603E+08
2123	1.082015E+08
2124	7.872386E+07
2125	5.647609E+07
2126	1.774485E+08
2127	1.459986E+08
2128	1.079288E+08
2129	7.884235E+07
2130	5.643190E+07
2131	1.775089E+08
2132	1.460584E+08
2133	1.080191E+08
2134	7.879235E+07
2135	5.651523E+07
2136	1.780559E+08
2137	1.464979E+08
2138	1.082965E+08
2139	7.886937E+07
2140	5.666072E+07
2141	1.779853E+08
2142	1.464388E+08
2143	1.081580E+08
2144	7.874899E+07
2145	5.645382E+07
2146	1.783240E+08
2147	1.464752E+08
2148	1.081577E+08
2149	7.876742E+07
2150	5.667904E+07
2151	1.784535E+08
2152	1.466464E+08
2153	1.081874E+08
2154	7.889755E+07
2155	5.665414E+07
2156	1.778031E+08
2157	1.468551E+08
2158	1.083660E+08
2159	7.857818E+07
2160	5.660367E+07
2161	1.781829E+08
2162	1.466524E+08
2163	1.083781E+08
2164	7.889814E+07
2165	5.651374E+07
2166	1.787034E+08
2167	1.466649E+08
2168	1.082468E+08
2169	7.880167E+07
2170	5.661968E+07
2171	1.783695E+08
2172	1.466446E+08
2173	1.082724E+08
2174	7.879383E+07
2175	5.657450E+07
2176	1.783940E+08
2177	1.468414E+08
2178	1.084752E+08
2179	7.886309E+07
2180	5.656392E+07
2181	1.782074E+08
2182	1.467056E+08
2183	1.084051E+08
2184	7.879192E+07
2185	5.652838E+07
2186	1.785740E+08
2187	1.467284E+08
2188	1.083968E+08
2189	7.889053E+07
2190	5.661253E+07
2191	1.785452E+08
2192	1.468575E+08
2193	1.083859E+08
2194	7.902286E+07
2195	5.667935E+07
2196	1.788425E+08
2197	1.471878E+08
2198	1.084633E+08
2199	7.870173E+07
2200	5.665714E+07
2201	1.789267E+08
2202	1.470676E+08
2203	1.084693E+08
2204	7.887310E+07
2205	5.656306E+07
2206	1.790551E+08
2207	1.467646E+08
2208	1.084859E+08
2209	7.901668E+07
2210	5.653413E+07
2211	1.787879E+08
2212	1.470080E+08
2213	1.083939E+08
2214	7.890736E+07
2215	5.666828E+07
2216	1.792470E+08
2217	1.471671E+08
2218	1.084088E+08
2219	7.897468E+07
2220	5.680400E+07
2221	1.787675E+08
2222	1.474705E+08
2223	1.086690E+08
2224	7.891920E+07
2225	5.671020E+07
2226	1.789724E+08
2227	1.473137E+08
2228	1.083496E+08
2229	7.908245E+07
2230	5.678361E+07
2231	1.792969E+08
2232	1.471312E+08
2233	1.084802E+08
2234	7.894169E+07
2235	5.663018E+07
2236	1.789607E+08
2237	1.473040E+08
2238	1.086404E+08
2239	7.903786E+07
2240	5.665710E+07
2241	1.790522E+08
2242	1.473809E+08
2243	1.084865E+08
2244	7.893161E+07
2245	5.662275E+07
2246	1.781045E+08
2247	1.472733E+08
2248	1.086866E+08
2249	7.884743E+07
2250	5.670714E+07
2251	1.791552E+08
2252	1.469935E+08
2253	1.086765E+08
2254	7.900104E+07
2255	5.673085E+07
2256	1.792365E+08
2257	1.473363E+08
2258	1.085220E+08
2259	7.897910E+07
2260	5.675500E+07
2261	1.791925E+08
2262	1.473299E+08
2263	1.086060E+08
2264	7.899800E+07
2265	5.675671E+07
2266	1.792224E+08
2267	1.474989E+08
2268	1.086048E+08
2269	7.912522E+07
2270	5.667058E+07
2271	1.793560E+08
2272	1.474434E+08
2273	1.084930E+08
2274	7.897933E+07
2275	5.660332E+07
2276	1.791483E+08
2277	1.474147E+08
2278	1.086913E+08
2279	7.897146E+07
2280	5.656865E+07
2281	1.792452E+08
2282	1.473665E+08
2283	1.086205E+08
2284	7.901456E+07
2285	5.679878E+07
2286	1.796703E+08
2287	1.475714E+08
2288	1.085710E+08
2289	7.896790E+07
2290	5.673030E+07
2291	1.792119E+08
2292	1.472957E+08
2293	1.085946E+08
2294	7.895650E+07
2295	5.676251E+07
2296	1.794242E+08
2297	1.473546E+08
2298	1.088387E+08
2299	7.895461E+07
2300	5.674662E+07
2301	1.792740E+08
2302	1.473458E+08
2303	1.086363E+08
2304	7.903919E+07
2305	5.662976E+07
2306	1.794164E+08
2307	1.472992E+08
2308	1.084096E+08
2309	7.906088E+07
2310	5.663834E+07
2311	1.793044E+08
2312	1.475772E+08
2313	1.085910E+08
2314	7.908198E+07
2315	5.675523E+07
2316	1.794413E+08
2317	1.474298E+08
2318	1.087475E+08
2319	7.896339E+07
2320	5.666340E+07
2321	1.796008E+08
2322	1.477512E+08
2323	1.086571E+08
2324	7.902175E+07
2325	5.674863E+07
2326	1.794052E+08
2327	1.475056E+08
2328	1.087427E+08
2329	7.906138E+07
2330	5.666140E+07
2331	1.796106E+08
2332	1.476244E+08
2333	1.087898E+08
2334	7.896496E+07
2335	5.665479E+07
2336	1.795555E+08
2337	1.478171E+08
2338	1.087212E+08
2339	7.892782E+07
2340	5.668994E+07
2341	1.796765E+08
2342	1.477535E+08
2343	1.088890E+08
2344	7.900570E+07
2345	5.661333E+07
2346	1.796567E+08
2347	1.475393E+08
2348	1.086443E+08
2349	7.889485E+07
2350	5.677219E+07
2351	1.795077E+08
2352	1.475543E+08
2353	1.083727E+08
2354	7.897232E+07
2355	5.665014E+07
2356	1.797276E+08
2357	1.474382E+08
2358	1.087940E+08
2359	7.898010E+07
2360	5.675116E+07
2361	1.796089E+08
2362	1.476681E+08
2363	1.086332E+08
2364	7.905206E+07
2365	5.660521E+07
2366	1.796946E+08
2367	1.477703E+08
2368	1.086566E+08
2369	7.902921E+07
2370	5.666769E+07
2371	1.796059E+08
2372	1.478486E+08
2373	1.089558E+08
2374	7.921538E+07
2375	5.682579E+07
2376	1.799226E+08
2377	1.478649E+08
2378	1.087692E+08
2379	7.908422E+07
2380	5.683568E+07
2381	1.799672E+08
2382	1.478425E+08
2383	1.088254E+08
2384	7.878334E+07
2385	5.681616E+07
2386	1.798785E+08
2387	1.480268E+08
2388	1.087536E+08
2389	7.907870E+07
2390	5.679690E+07
2391	1.797616E+08
2392	1.480161E+08
2393	1.088175E+08
2394	7.912642E+07
2395	5.685546E+07
2396	1.800692E+08
2397	1.481206E+08
2398	1.090059E+08
2399	7.915138E+07
2400	5.685835E+07
2401	1.801326E+08
2402	1.479389E+08
2403	1.088526E+08
2404	7.925399E+07
2405	5.687496E+07
2406	1.802238E+08
2407	1.480690E+08
2408	1.089510E+08
2409	7.904004E+07
2410	5.693628E+07
2411	1.802118E+08
2412	1.482055E+08
2413	1.088828E+08
2414	7.926592E+07
2415	5.676741E+07
2416	1.802773E+08
2417	1.481169E+08
2418	1.088774E+08
2419	7.908240E+07
2420	5.679392E+07
2421	1.804248E+08
2422	1.479976E+08
2423	1.088830E+08
2424	7.907942E+07
2425	5.702646E+07
2426	1.804105E+08
2427	1.480152E+08
2428	1.089973E+08
2429	7.904370E+07
2430	5.665505E+07
2431	1.805413E+08
2432	1.482306E+08
2433	1.089251E+08
2434	7.896061E+07
2435	5.685029E+07
2436	1.802256E+08
2437	1.479489E+08
2438	1.088548E+08
2439	7.930612E+07
2440	5.681108E+07
2441	1.803160E+08
2442	1.481930E+08
2443	1.091298E+08
2444	7.930603E+07
2445	5.680705E+07
2446	1.803273E+08
2447	1.479935E+08
2448	1.090152E+08
2449	7.907651E+07
2450	5.685800E+07
2451	1.805490E+08
2452	1.481773E+08
2453	1.090743E+08
2454	7.927450E+07
2455	5.681126E+07
2456	1.800767E+08
2457	1.483181E+08
2458	1.090074E+08
2459	7.929220E+07
2460	5.683241E+07
2461	1.802923E+08
2462	1.484299E+08
2463	1.090476E+08
2464	7.902710E+07
2465	5.678584E+07
2466	1.805381E+08
2467	1.482537E+08
2468	1.090500E+08
2469	7.910802E+07
2470	5.669795E+07
2471	1.807949E+08
2472	1.482808E+08
2473	1.089845E+08
2474	7.929288E+07
2475	5.694403E+07
2476	1.805369E+08
2477	1.481743E+08
2478	1.090661E+08
2479	7.913739E+07
2480	5.674380E+07
2481	1.804171E+08
2482	1.482336E+08
2483	1.088729E+08
2484	7.908430E+07
2485	5.676762E+07
2486	1.806179E+08
2487	1.483157E+08
2488	1.090545E+08
2489	7.917418E+07
2490	5.671911E+07
2491	1.803714E+08
2492	1.482681E+08
2493	1.089930E+08
2494	7.928608E+07
2495	5.687584E+07
2496	1.805039E+08
2497	1.482671E+08
2498	1.092529E+08
2499	7.932838E+07
2500	5.697661E+07
2501	1.807536E+08
2502	1.482435E+08
2503	1.090153E+08
2504	7.906592E+07
2505	5.690125E+07
2506	1.803097E+08
2507	1.482357E+08
2508	1.089869E+08
2509	7.908878E+07
2510	5.689903E+07
2511	1.806192E+08
2512	1.484564E+08
2513	1.091372E+08
2514	7.934966E+07
2515	5.679970E+07
2516	1.804285E+08
2517	1.482853E+08
2518	1.089114E+08
2519	7.898807E+07
2520	5.704598E+07
2521	1.807820E+08
2522	1.481312E+08
2523	1.089666E+08
2524	7.922434E+07
2525	5.692554E+07
2526	1.806426E+08
2527	1.483321E+08
2528	1.090313E+08
2529	7.921046E+07
2530	5.683418E+07
2531	1.808681E+08
2532	1.481667E+08
2533	1.089937E+08
2534	7.916030E+07
2535	5.691381E+07
2536	1.807231E+08
2537	1.482396E+08
2538	1.089754E+08
2539	7.910234E+07
2540	5.684550E+07
2541	1.806909E+08
2542	1.481829E+08
2543	1.088968E+08
2544	7.935037E+07
2545	5.667073E+07
2546	1.808764E+08
2547	1.482500E+08
2548	1.089942E+08
2549	7.920061E+07
2550	5.702760E+07
2551	1.806139E+08
2552	1.484451E+08
2553	1.089219E+08
2554	7.916905E+07
2555	5.671685E+07
2556	1.807442E+08
2557	1.482191E+08
2558	1.089271E+08
2559	7.913962E+07
2560	5.687897E+07
2561	1.807644E+08
2562	1.484187E+08
2563	1.091557E+08
2564	7.901758E+07
2565	5.677702E+07
2566	1.807695E+08
2567	1.482101E+08
2568	1.089337E+08
2569	7.929238E+07
2570	5.688941E+07
2571	1.805635E+08
2572	1.483110E+08
2573	1.091515E+08
2574	7.915062E+07
2575	5.668967E+07
2576	1.807287E+08
2577	1.483884E+08
2578	1.088626E+08
2579	7.927222E+07
2580	5.685964E+07
2581	1.806458E+08
2582	1.483268E+08
2583	1.089478E+08
2584	7.923518E+07
2585	5.672374E+07
2586	1.808699E+08
2587	1.483513E+08
2588	1.088536E+08
2589	7.930502E+07
2590	5.683716E+07
2591	1.804010E+08
2592	1.483841E+08
2593	1.089761E+08
2594	7.917834E+07
2595	5.687911E+07
2596	1.808652E+08
2597	1.481836E+08
2598	1.089222E+08
2599	7.918993E+07
2600	5.687101E+07
2601	1.805522E+08
2602	1.483205E+08
2603	1.088596E+08
2604	7.928958E+07
2605	5.689225E+07
2606	1.805057E+08
2607	1.482678E+08
2608	1.089048E+08
2609	7.940246E+07
2610	5.672547E+07
2611	1.803592E+08
2612	1.484628E+08
2613	1.090433E+08
2614	7.910179E+07
2615	5.670376E+07
2616	1.805564E+08
2617	1.483404E+08
2618	1.091755E+08
2619	7.932834E+07
2620	5.684951E+07
2621	1.805072E+08
2622	1.484826E+08
2623	1.091357E+08
2624	7.925610E+07
2625	5.676484E+07
2626	1.804957E+08
2627	1.484954E+08
2628	1.090320E+08
2629	7.917816E+07
2630	5.671892E+07
2631	1.806998E+08
2632	1.483692E+08
2633	1.091702E+08
2634	7.913426E+07
2635	5.690749E+07
2636	1.808618E+08
2637	1.486196E+08
2638	1.090277E+08
2639	7.914006E+07
2640	5.681630E+07
2641	1.807224E+08
2642	1.485254E+08
2643	1.089932E+08
2644	7.923795E+07
2645	5.675500E+07
2646	1.806326E+08
2647	1.484721E+08
2648	1.090261E+08
2649	7.926370E+07
2650	5.688874E+07
2651	1.804956E+08
2652	1.485764E+08
2653	1.089451E+08
2654	7.922765E+07
2655	5.682062E+07
2656	1.806065E+08
2657	1.482476E+08
2658	1.088414E+08
2659	7.918170E+07
2660	5.674858E+07
2661	1.808351E+08
2662	1.484283E+08
2663	1.091823E+08
2664	7.931446E+07
2665	5.691621E+07
2666	1.806968E+08
2667	1.483389E+08
2668	1.091636E+08
2669	7.924941E+07
2670	5.711588E+07
2671	1.804639E+08
2672	1.484020E+08
2673	1.090850E+08
2674	7.937832E+07
2675	5.682014E+07
2676	1.806371E+08
2677	1.486391E+08
2678	1.088987E+08
2679	7.914837E+07
2680	5.692670E+07
2681	1.807736E+08
2682	1.484607E+08
2683	1.090187E+08
2684	7.911611E+07
2685	5.694238E+07
2686	1.808460E+08
2687	1.484072E+08
2688	1.088165E+08
2689	7.921638E+07
2690	5.697064E+07
2691	1.808807E+08
2692	1.486001E+08
2693	1.091111E+08
2694	7.921918E+07
2695	5.697054E+07
2696	1.808856E+08
2697	1.482321E+08
2698	1.093562E+08
2699	7.929367E+07
2700	5.683319E+07
2701	1.808099E+08
2702	1.485406E+08
2703	1.089995E+08
2704	7.920610E+07
2705	5.681422E+07
2706	1.810962E+08
2707	1.486090E+08
2708	1.090338E+08
2709	7.929038E+07
2710	5.681996E+07
2711	1.809060E+08
2712	1.484823E+08
2713	1.093502E+08
2714	7.916661E+07
2715	5.692792E+07
2716	1.809861E+08
2717	1.483238E+08
2718	1.092082E+08
2719	7.919518E+07
2720	5.694791E+07
2721	1.808830E+08
2722	1.485726E+08
2723	1.088170E+08
2724	7.925858E+07
2725	5.677292E+07
2726	1.810015E+08
2727	1.481541E+08
2728	1.094020E+08
2729	7.935605E+07
2730	5.677415E+07
2731	1.810694E+08
2732	1.485664E+08
2733	1.093352E+08
2734	7.921055E+07
2735	5.696914E+07
2736	1.811825E+08
2737	1.485412E+08
2738	1.090677E+08
2739	7.921968E+07
2740	5.714646E+07
2741	1.810501E+08
2742	1.484901E+08
2743	1.092840E+08
2744	7.917378E+07
2745	5.698239E+07
2746	1.813093E+08
2747	1.484402E+08
2748	1.090814E+08
2749	7.908554E+07
2750	5.699008E+07
2751	1.812034E+08
2752	1.485796E+08
2753	1.093897E+08
2754	7.931397E+07
2755	5.697326E+07
2756	1.810009E+08
2757	1.487374E+08
2758	1.090561E+08
2759	7.935957E+07
2760	5.678852E+07
2761	1.809344E+08
2762	1.486875E+08
2763	1.091864E+08
2764	7.909942E+07
2765	5.708804E+07
2766	1.809321E+08
2767	1.485920E+08
2768	1.089771E+08
2769	7.920442E+07
2770	5.697750E+07
2771	1.809876E+08
2772	1.486162E+08
2773	1.090339E+08
2774	7.927403E+07
2775	5.690038E+07
2776	1.806640E+08
2777	1.487549E+08
2778	1.092606E+08
2779	7.923584E+07
2780	5.693886E+07
2781	1.810631E+08
2782	1.484159E+08
2783	1.091355E+08
2784	7.933961E+07
2785	5.688739E+07
2786	1.808469E+08
2787	1.487514E+08
2788	1.091228E+08
2789	7.968064E+07
2790	5.694823E+07
2791	1.812946E+08
2792	1.488251E+08
2793	1.090016E+08
2794	7.932371E+07
2795	5.706850E+07
2796	1.813372E+08
2797	1.485797E+08
2798	1.092956E+08
2799	7.946434E+07
2800	5.694444E+07
2801	1.811916E+08
2802	1.487679E+08
2803	1.094761E+08
2804	7.947618E+07
2805	5.699156E+07
2806	1.814512E+08
2807	1.488049E+08
2808	1.091962E+08
2809	7.939923E+07
2810	5.696013E+07
2811	1.811781E+08
2812	1.486876E+08
2813	1.093043E+08
2814	7.948305E+07
2815	5.692609E+07
2816	1.812795E+08
2817	1.487280E+08
2818	1.091644E+08
2819	7.923725E+07
2820	5.696378E+07
2821	1.814201E+08
2822	1.487001E+08
2823	1.092826E+08
2824	7.952114E+07
2825	5.700746E+07
2826	1.815630E+08
2827	1.486936E+08
2828	1.095183E+08
2829	7.951738E+07
2830	5.701490E+07
2831	1.815408E+08
2832	1.491250E+08
2833	1.092112E+08
2834	7.917870E+07
2835	5.696943E+07
2836	1.816669E+08
2837	1.492797E+08
2838	1.093416E+08
2839	7.945155E+07
2840	5.702766E+07
2841	1.815791E+08
2842	1.490315E+08
2843	1.095152E+08
2844	7.953968E+07
2845	5.700821E+07
2846	1.817132E+08
2847	1.490180E+08
2848	1.096128E+08
2849	7.947166E+07
2850	5.691609E+07
2851	1.818057E+08
2852	1.493087E+08
2853	1.094978E+08
2854	7.941278E+07
2855	5.700540E+07
2856	1.818437E+08
2857	1.493291E+08
2858	1.095494E+08
2859	7.940154E+07
2860	5.703178E+07
2861	1.817430E+08
2862	1.490885E+08
2863	1.094852E+08
2864	7.952318E+07
2865	5.706421E+07
2866	1.819106E+08
2867	1.491808E+08
2868	1.096695E+08
2869	7.945680E+07
2870	5.702343E+07
2871	1.821460E+08
2872	1.492957E+08
2873	1.093279E+08
2874	7.951874E+07
2875	5.701741E+07
2876	1.816218E+08
2877	1.493229E+08
2878	1.096355E+08
2879	7.944353E+07
2880	5.703937E+07
2881	1.817251E+08
2882	1.491112E+08
2883	1.095412E+08
2884	7.967597E+07
2885	5.700461E+07
2886	1.820529E+08
2887	1.491707E+08
2888	1.094487E+08
2889	7.956724E+07
2890	5.703690E+07
2891	1.821695E+08
2892	1.490017E+08
2893	1.095011E+08
2894	7.960187E+07
2895	5.704628E+07
2896	1.815014E+08
2897	1.493059E+08
2898	1.097736E+08
2899	7.964055E+07
2900	5.705101E+07
2901	1.817396E+08
2902	1.492905E+08
2903	1.096502E+08
2904	7.936806E+07
2905	5.705317E+07
2906	1.819273E+08
2907	1.491695E+08
2908	1.097013E+08
2909	7.952434E+07
2910	5.707020E+07
2911	1.816404E+08
2912	1.493697E+08
2913	1.097348E+08
2914	7.938070E+07
2915	5.708139E+07
2916	1.816876E+08
2917	1.491122E+08
2918	1.096922E+08
2919	7.971089E+07
2920	5.716396E+07
2921	1.820813E+08
2922	1.494577E+08
2923	1.098109E+08
2924	7.965398E+07
2925	5.715150E+07
2926	1.817656E+08
2927	1.493785E+08
2928	1.095970E+08
2929	7.973327E+07
2930	5.704774E+07
2931	1.822352E+08
2932	1.492525E+08
2933	1.095374E+08
2934	7.947016E+07
2935	5.705714E+07
2936	1.822047E+08
2937	1.494461E+08
2938	1.097424E+08
2939	7.989829E+07
2940	5.721978E+07
2941	1.817581E+08
2942	1.493469E+08
2943	1.099691E+08
2944	7.956790E+07
2945	5.713870E+07
2946	1.820483E+08
2947	1.494452E+08
2948	1.097103E+08
2949	7.947670E+07
2950	5.723608E+07
2951	1.820013E+08
2952	1.495168E+08
2953	1.095614E+08
2954	7.978671E+07
2955	5.712772E+07
2956	1.822982E+08
2957	1.496020E+08
2958	1.098658E+08
2959	7.987814E+07
2960	5.732404E+07
2961	1.820937E+08
2962	1.493611E+08
2963	1.101344E+08
2964	7.975850E+07
2965	5.758900E+07
2966	1.820144E+08
2967	1.497742E+08
2968	1.098763E+08
2969	7.977890E+07
2970	5.718836E+07
2971	1.824976E+08
2972	1.498339E+08
2973	1.099646E+08
2974	7.971024E+07
2975	5.728693E+07
2976	1.822862E+08
2977	1.499009E+08
2978	1.098560E+08
2979	7.982488E+07
2980	5.743684E+07
2981	1.827750E+08
2982	1.495407E+08
2983	1.099215E+08
2984	7.984064E+07
2985	5.733960E+07
2986	1.829257E+08
2987	1.500583E+08
2988	1.099465E+08
2989	7.997109E+07
2990	5.734540E+07
2991	1.828123E+08
2992	1.498978E+08
2993	1.099382E+08
2994	7.970318E+07
2995	5.725205E+07
2996	1.826072E+08
2997	1.498928E+08
2998	1.099712E+08
2999	7.983152E+07
3000	5.724988E+07
3001	1.827110E+08
3002	1.501693E+08
3003	1.101299E+08
3004	7.982366E+07
3005	5.736586E+07
3006	1.829532E+08
3007	1.499362E+08
3008	1.100468E+08
3009	7.985360E+07
3010	5.748678E+07
3011	1.827680E+08
3012	1.501662E+08
3013	1.101204E+08
3014	7.987040E+07
3015	5.728278E+07
3016	1.827601E+08
3017	1.500022E+08
3018	1.102449E+08
3019	7.985267E+07
3020	5.745078E+07
3021	1.829067E+08
3022	1.501518E+08
3023	1.102796E+08
3024	8.010269E+07
3025	5.727765E+07
3026	1.830556E+08
3027	1.501709E+08
3028	1.103156E+08
3029	8.001163E+07
3030	5.743348E+07
3031	1.835283E+08
3032	1.505083E+08
3033	1.102393E+08
3034	7.983978E+07
3035	5.739393E+07
3036	1.831314E+08
3037	1.501326E+08
3038	1.101861E+08
3039	7.985325E+07
3040	5.744350E+07
3041	1.831975E+08
3042	1.502752E+08
3043	1.101453E+08
3044	8.015656E+07
3045	5.734792E+07
3046	1.832660E+08
3047	1.504071E+08
3048	1.102605E+08
3049	7.997259E+07
3050	5.751036E+07
3051	1.834451E+08
3052	1.504972E+08
3053	1.105233E+08
3054	8.008241E+07
3055	5.742068E+07
3056	1.835719E+08
3057	1.507411E+08
3058	1.102495E+08
3059	8.002923E+07
3060	5.752369E+07
3061	1.837332E+08
3062	1.506192E+08
3063	1.104302E+08
3064	7.996941E+07
3065	5.734754E+07
3066	1.840309E+08
3067	1.504956E+08
3068	1.103199E+08
3069	8.010762E+07
3070	5.748686E+07
3071	1.836319E+08
3072	1.505631E+08
3073	1.103167E+08
3074	8.011499E+07
3075	5.738330E+07
3076	1.840684E+08
3077	1.508869E+08
3078	1.105411E+08
3079	8.005226E+07
3080	5.743340E+07
3081	1.841673E+08
3082	1.506612E+08
3083	1.103660E+08
3084	7.984590E+07
3085	5.750396E+07
3086	1.842554E+08
3087	1.508961E+08
3088	1.105553E+08
3089	8.019887E+07
3090	5.754795E+07
3091	1.844230E+08
3092	1.508660E+08
3093	1.104777E+08
3094	8.012331E+07
3095	5.733400E+07
3096	1.842082E+08
3097	1.509125E+08
3098	1.107057E+08
3099	8.022780E+07
3100	5.756604E+07
3101	1.841853E+08
3102	1.510258E+08
3103	1.105269E+08
3104	8.032998E+07
3105	5.742625E+07
3106	1.842054E+08
3107	1.506916E+08
3108	1.105661E+08
3109	8.011707E+07
3110	5.743454E+07
3111	1.848199E+08
3112	1.514426E+08
3113	1.107270E+08
3114	8.018010E+07
3115	5.740288E+07
3116	1.843199E+08
3117	1.510987E+08
3118	1.105956E+08
3119	8.012662E+07
3120	5.749823E+07
3121	1.842571E+08
3122	1.509592E+08
3123	1.106034E+08
3124	8.041374E+07
3125	5.775196E+07
3126	1.846895E+08
3127	1.513838E+08
3128	1.104905E+08
3129	8.023672E+07
3130	5.762899E+07
3131	1.849915E+08
3132	1.512951E+08
3133	1.106408E+08
3134	8.015306E+07
3135	5.747558E+07
3136	1.848539E+08
3137	1.513789E+08
3138	1.105636E+08
3139	8.002550E+07
3140	5.748921E+07
3141	1.856180E+08
3142	1.511096E+08
3143	1.104938E+08
3144	8.022618E+07
3145	5.760874E+07
3146	1.848815E+08
3147	1.513189E+08
3148	1.105190E+08
3149	8.006868E+07
3150	5.740133E+07
3151	1.850708E+08
3152	1.510551E+08
3153	1.104071E+08
3154	7.984602E+07
3155	5.726672E+07
3156	1.845445E+08
3157	1.508323E+08
3158	1.101916E+08
3159	7.942657E+07
3160	5.691046E+07
3161	1.841963E+08
3162	1.503531E+08
3163	1.096467E+08
3164	7.919982E+07
3165	5.674924E+07
3166	1.828565E+08
3167	1.495811E+08
3168	1.089486E+08
3169	7.881830E+07
3170	5.644948E+07
3171	1.826437E+08
3172	1.491159E+08
3173	1.085363E+08
3174	7.835288E+07
3175	5.616936E+07
3176	1.810367E+08
3177	1.481248E+08
3178	1.079205E+08
3179	7.787291E+07
3180	5.587008E+07
3181	1.806142E+08
3182	1.469225E+08
3183	1.075951E+08
3184	7.784121E+07
3185	5.570488E+07
3186	1.794603E+08
3187	1.465914E+08
3188	1.068734E+08
3189	7.734829E+07
3190	5.527274E+07
3191	1.785097E+08
3192	1.459070E+08
3193	1.062998E+08
3194	7.676934E+07
3195	5.523989E+07
3196	1.778280E+08
3197	1.446595E+08
3198	1.057383E+08
3199	7.687989E+07
3200	5.490896E+07
3201	1.760410E+08
3202	1.443359E+08
3203	1.054052E+08
3204	7.614659E+07
3205	5.460793E+07
3206	1.756000E+08
3207	1.432273E+08
3208	1.047530E+08
3209	7.586962E+07
3210	5.424697E+07
3211	1.743362E+08
3212	1.423815E+08
3213	1.044025E+08
3214	7.555246E+07
3215	5.410895E+07
3216	1.727533E+08
3217	1.415364E+08
3218	1.036840E+08
3219	7.503197E+07
3220	5.387268E+07
3221	1.715902E+08
3222	1.404779E+08
3223	1.029552E+08
3224	7.483090E+07
3225	5.374189E+07
3226	1.704541E+08
3227	1.398866E+08
3228	1.026921E+08
3229	7.471578E+07
3230	5.340117E+07
3231	1.693557E+08
3232	1.390284E+08
3233	1.023159E+08
3234	7.440787E+07
3235	5.332269E+07
3236	1.683766E+08
3237	1.383353E+08
3238	1.016508E+08
3239	7.406662E+07
3240	5.309964E+07
3241	1.669856E+08
3242	1.372681E+08
3243	1.012379E+08
3244	7.364018E+07
3245	5.288786E+07
3246	1.657942E+08
3247	1.368055E+08
3248	1.008440E+08
3249	7.338552E+07
3250	5.267640E+07
3251	1.652348E+08
3252	1.358393E+08
3253	1.003441E+08
3254	7.326668E+07
3255	5.247712E+07
3256	1.645682E+08
3257	1.352992E+08
3258	1.000894E+08
3259	7.286960E+07
3260	5.226533E+07
3261	1.628674E+08
3262	1.344894E+08
3263	9.954593E+07
3264	7.266166E+07
3265	5.226410E+07
3266	1.622453E+08
3267	1.339702E+08
3268	9.901470E+07
3269	7.231198E+07
3270	5.198222E+07
3271	1.616648E+08
3272	1.333167E+08
3273	9.876882E+07
3274	7.227089E+07
3275	5.178705E+07
3276	1.607032E+08
3277	1.322070E+08
3278	9.843248E+07
3279	7.195235E+07
3280	5.163090E+07
3281	1.599491E+08
3282	1.324043E+08
3283	9.815930E+07
3284	7.161994E+07
3285	5.149272E+07
3286	1.592846E+08
3287	1.316734E+08
3288	9.755621E+07
3289	7.166993E+07
3290	5.137988E+07
3291	1.581340E+08
3292	1.309648E+08
3293	9.748474E+07
3294	7.133665E+07
3295	5.117419E+07
3296	1.578282E+08
3297	1.305297E+08
3298	9.709278E+07
3299	7.133655E+07
3300	5.101356E+07
3301	1.569960E+08
3302	1.298552E+08
3303	9.680723E+07
3304	7.122161E+07
3305	5.078110E+07
3306	1.557347E+08
3307	1.291844E+08
3308	9.662994E+07
3309	7.077752E+07
3310	5.087965E+07
3311	1.551566E+08
3312	1.290730E+08
3313	9.684788E+07
3314	7.124582E+07
3315	5.118554E+07
3316	1.550128E+08
3317	1.292441E+08
3318	9.722397E+07
3319	7.179979E+07
3320	5.162656E+07
3321	1.552361E+08
3322	1.296388E+08
3323	9.790282E+07
3324	7.219771E+07
3325	5.192986E+07
3326	1.560037E+08
3327	1.303320E+08
3328	9.818853E+07
3329	7.292875E+07
3330	5.226796E+07
3331	1.561202E+08
3332	1.312943E+08
3333	9.916502E+07
3334	7.333019E+07
3335	5.273724E+07
3336	1.571094E+08
3337	1.313336E+08
3338	9.952405E+07
3339	7.408806E+07
3340	5.309520E+07
3341	1.572678E+08
3342	1.321074E+08
3343	1.002832E+08
3344	7.435866E+07
3345	5.347934E+07
3346	1.578799E+08
3347	1.324492E+08
3348	1.007405E+08
3349	7.473417E+07
3350	5.372766E+07
3351	1.582038E+08
3352	1.331148E+08
3353	1.012784E+08
3354	7.515943E+07
3355	5.401384E+07
3356	1.589516E+08
3357	1.337102E+08
3358	1.018766E+08
3359	7.548558E+07
3360	5.418483E+07
3361	1.596691E+08
3362	1.342263E+08
3363	1.021200E+08
3364	7.573576E+07
3365	5.437822E+07
3366	1.603690E+08
3367	1.345902E+08
3368	1.024994E+08
3369	7.593587E+07
3370	5.443911E+07
3371	1.605229E+08
3372	1.349606E+08
3373	1.025643E+08
3374	7.595656E+07
3375	5.461872E+07
3376	1.608171E+08
3377	1.351767E+08
3378	1.026599E+08
3379	7.611673E+07
3380	5.452882E+07
3381	1.612568E+08
3382	1.354879E+08
3383	1.028265E+08
3384	7.610442E+07
3385	5.459606E+07
3386	1.612947E+08
3387	1.356849E+08
3388	1.030732E+08
3389	7.636763E+07
3390	5.478245E+07
3391	1.618257E+08
3392	1.358999E+08
3393	1.032581E+08
3394	7.640699E+07
3395	5.489422E+07
3396	1.620369E+08
3397	1.363139E+08
3398	1.033843E+08
3399	7.658451E+07
3400	5.496551E+07
3401	1.623853E+08
3402	1.363924E+08
3403	1.035224E+08
3404	7.665414E+07
3405	5.494862E+07
3406	1.625391E+08
3407	1.364201E+08
3408	1.036042E+08
3409	7.665102E+07
3410	5.489359E+07
3411	1.628700E+08
3412	1.366447E+08
3413	1.037339E+08
3414	7.667302E+07
3415	5.504123E+07
3416	1.631592E+08
3417	1.365608E+08
3418	1.038226E+08
3419	7.665941E+07
3420	5.499454E+07
3421	1.633736E+08
3422	1.371114E+08
3423	1.037895E+08
3424	7.673579E+07
3425	5.517250E+07
3426	1.636536E+08
3427	1.374766E+08
3428	1.039217E+08
3429	7.682743E+07
3430	5.504676E+07
3431	1.641711E+08
3432	1.375906E+08
3433	1.040496E+08
3434	7.690726E+07
3435	5.523956E+07
3436	1.647946E+08
3437	1.379319E+08
3438	1.042107E+08
3439	7.696293E+07
3440	5.521258E+07
3441	1.650276E+08
3442	1.379471E+08
3443	1.042860E+08
3444	7.695530E+07
3445	5.521173E+07
3446	1.654550E+08
3447	1.384338E+08
3448	1.043858E+08
3449	7.709304E+07
3450	5.528999E+07
3451	1.657847E+08
3452	1.386760E+08
3453	1.045816E+08
3454	7.711905E+07
3455	5.540343E+07
3456	1.660139E+08
3457	1.387286E+08
3458	1.046061E+08
3459	7.719790E+07
3460	5.537820E+07
3461	1.661281E+08
3462	1.390085E+08
3463	1.047863E+08
3464	7.716055E+07
3465	5.533655E+07
3466	1.664406E+08
3467	1.392145E+08
3468	1.048040E+08
3469	7.731202E+07
3470	5.547106E+07
3471	1.672593E+08
3472	1.396496E+08
3473	1.050772E+08
3474	7.736974E+07
3475	5.540591E+07
3476	1.673547E+08
3477	1.399571E+08
3478	1.052138E+08
3479	7.743301E+07
3480	5.545553E+07
3481	1.678986E+08
3482	1.402731E+08
3483	1.052131E+08
3484	7.754079E+07
3485	5.560113E+07
3486	1.684668E+08
3487	1.402514E+08
3488	1.053567E+08
3489	7.756688E+07
3490	5.558977E+07
3491	1.687864E+08
3492	1.406362E+08
3493	1.054617E+08
3494	7.750766E+07
3495	5.595902E+07
3496	1.690190E+08
3497	1.407631E+08
3498	1.056377E+08
3499	7.764058E+07
3500	5.550026E+07
3501	1.689091E+08
3502	1.410223E+08
3503	1.056625E+08
3504	7.766890E+07
3505	5.567953E+07
3506	1.698683E+08
3507	1.413170E+08
3508	1.059738E+08
3509	7.768133E+07
3510	5.580861E+07
3511	1.702646E+08
3512	1.418348E+08
3513	1.060262E+08
3514	7.777745E+07
3515	5.578434E+07
3516	1.708307E+08
3517	1.420450E+08
3518	1.063478E+08
3519	7.797530E+07
3520	5.592486E+07
3521	1.711566E+08
3522	1.423177E+08
3523	1.062759E+08
3524	7.790681E+07
3525	5.593141E+07
3526	1.716149E+08
3527	1.426176E+08
3528	1.064188E+08
3529	7.808109E+07
3530	5.594701E+07
3531	1.715200E+08
3532	1.427810E+08
3533	1.065400E+08
3534	7.811619E+07
3535	5.597013E+07
3536	1.722893E+08
3537	1.427356E+08
3538	1.066390E+08
3539	7.809771E+07
3540	5.604165E+07
3541	1.725285E+08
3542	1.431994E+08
3543	1.068358E+08
3544	7.826888E+07
3545	5.606309E+07
3546	1.730194E+08
3547	1.434922E+08
3548	1.069407E+08
3549	7.835497E+07
3550	5.612797E+07
3551	1.735716E+08
3552	1.436078E+08
3553	1.068936E+08
3554	7.831952E+07
3555	5.617480E+07
3556	1.735422E+08
3557	1.439805E+08
3558	1.070813E+08
3559	7.841822E+07
3560	5.620338E+07
3561	1.741002E+08
3562	1.438703E+08
3563	1.070939E+08
3564	7.841318E+07
3565	5.623790E+07
3566	1.741355E+08
3567	1.442815E+08
3568	1.071771E+08
3569	7.856042E+07
3570	5.641979E+07
3571	1.744345E+08
3572	1.444481E+08
3573	1.073447E+08
3574	7.859493E+07
3575	5.635994E+07
3576	1.746653E+08
3577	1.443262E+08
3578	1.074239E+08
3579	7.850217E+07
3580	5.636037E+07
3581	1.751820E+08
3582	1.449982E+08
3583	1.074739E+08
3584	7.851736E+07
3585	5.633322E+07
3586	1.748939E+08
3587	1.449307E+08
3588	1.075472E+08
3589	7.873680E+07
3590	5.636956E+07
3591	1.765828E+08
3592	1.451896E+08
3593	1.077702E+08
3594	7.871786E+07
3595	5.658752E+07
3596	1.757528E+08
3597	1.450003E+08
3598	1.075276E+08
3599	7.876923E+07
3600	5.642789E+07
3601	1.760455E+08
3602	1.453866E+08
3603	1.077908E+08
3604	7.877870E+07
3605	5.637930E+07
3606	1.759918E+08
3607	1.457223E+08
3608	1.081091E+08
3609	7.870688E+07
3610	5.660250E+07
3611	1.760423E+08
3612	1.451270E+08
3613	1.079413E+08
3614	7.875103E+07
3615	5.655817E+07
3616	1.765353E+08
3617	1.460067E+08
3618	1.080340E+08
3619	7.885284E+07
3620	5.672590E+07
3621	1.767241E+08
3622	1.460413E+08
3623	1.081188E+08
3624	7.875699E+07
3625	5.654942E+07
3626	1.768422E+08
3627	1.459505E+08
3628	1.081389E+08
3629	7.892699E+07
3630	5.650910E+07
3631	1.774094E+08
3632	1.462407E+08
3633	1.081981E+08
3634	7.891414E+07
3635	5.672710E+07
3636	1.774705E+08
3637	1.464754E+08
3638	1.084126E+08
3639	7.904458E+07
3640	5.673452E+07
3641	1.780135E+08
3642	1.465055E+08
3643	1.084361E+08
3644	7.920789E+07
3645	5.675130E+07
3646	1.779361E+08
3647	1.468978E+08
3648	1.082074E+08
3649	7.893803E+07
3650	5.695176E+07
3651	1.784308E+08
3652	1.468216E+08
3653	1.085995E+08
3654	7.888149E+07
3655	5.677079E+07
3656	1.781161E+08
3657	1.465039E+08
3658	1.085551E+08
3659	7.931431E+07
3660	5.683599E+07
3661	1.778739E+08
3662	1.467480E+08
3663	1.088150E+08
3664	7.898216E+07
3665	5.689436E+07
3666	1.787004E+08
3667	1.473712E+08
3668	1.086710E+08
3669	7.935232E+07
3670	5.690658E+07
3671	1.784636E+08
3672	1.470555E+08
3673	1.089434E+08
3674	7.908670E+07
3675	5.702389E+07
3676	1.786904E+08
3677	1.473321E+08
3678	1.091305E+08
3679	7.926223E+07
3680	5.692302E+07
3681	1.791517E+08
3682	1.474071E+08
3683	1.091167E+08
3684	7.946122E+07
3685	5.694014E+07
3686	1.795815E+08
3687	1.478661E+08
3688	1.090006E+08
3689	7.943855E+07
3690	5.686410E+07
3691	1.797628E+08
3692	1.480068E+08
3693	1.093534E+08
3694	7.934620E+07
3695	5.706090E+07
3696	1.800174E+08
3697	1.483568E+08
3698	1.091859E+08
3699	7.928917E+07
3700	5.693560E+07
3701	1.803535E+08
3702	1.482060E+08
3703	1.091963E+08
3704	7.935077E+07
3705	5.687828E+07
3706	1.803437E+08
3707	1.482104E+08
3708	1.092354E+08
3709	7.941670E+07
3710	5.706715E+07
3711	1.802237E+08
3712	1.483103E+08
3713	1.092226E+08
3714	7.951674E+07
3715	5.714240E+07
3716	1.803921E+08
3717	1.480172E+08
3718	1.094264E+08
3719	7.951216E+07
3720	5.701672E+07
3721	1.803857E+08
3722	1.482752E+08
3723	1.092442E+08
3724	7.946098E+07
3725	5.696756E+07
3726	1.805645E+08
3727	1.483641E+08
3728	1.091536E+08
3729	7.938019E+07
3730	5.717577E+07
3731	1.805090E+08
3732	1.484552E+08
3733	1.094063E+08
3734	7.955451E+07
3735	5.686880E+07
3736	1.807168E+08
3737	1.487144E+08
3738	1.093288E+08
3739	7.957066E+07
3740	5.707909E+07
3741	1.808263E+08
3742	1.491523E+08
3743	1.096459E+08
3744	7.954489E+07
3745	5.700528E+07
3746	1.809276E+08
3747	1.489677E+08
3748	1.093621E+08
3749	7.922746E+07
3750	5.710380E+07
3751	1.815744E+08
3752	1.487975E+08
3753	1.095940E+08
3754	7.939050E+07
3755	5.716187E+07
3756	1.818071E+08
3757	1.490282E+08
3758	1.092372E+08
3759	7.968310E+07
3760	5.710441E+07
3761	1.815895E+08
3762	1.492658E+08
3763	1.096504E+08
3764	7.959050E+07
3765	5.715290E+07
3766	1.817899E+08
3767	1.492783E+08
3768	1.097227E+08
3769	7.959747E+07
3770	5.668628E+07
3771	1.816620E+08
3772	1.492428E+08
3773	1.094139E+08
3774	7.987605E+07
3775	5.711718E+07
3776	1.820606E+08
3777	1.494232E+08
3778	1.096214E+08
3779	7.960957E+07
3780	5.713322E+07
3781	1.819688E+08
3782	1.494778E+08
3783	1.095282E+08
3784	7.947531E+07
3785	5.719322E+07
3786	1.821165E+08
3787	1.491341E+08
3788	1.097259E+08
3789	7.970802E+07
3790	5.704581E+07
3791	1.820183E+08
3792	1.494804E+08
3793	1.096372E+08
3794	7.967815E+07
3795	5.713882E+07
3796	1.816887E+08
3797	1.494513E+08
3798	1.097786E+08
3799	7.947302E+07
3800	5.726048E+07
3801	1.821321E+08
3802	1.492159E+08
3803	1.097004E+08
3804	7.967975E+07
3805	5.719241E+07
3806	1.823596E+08
3807	1.493978E+08
3808	1.096755E+08
3809	7.963573E+07
3810	5.725874E+07
3811	1.818864E+08
3812	1.496284E+08
3813	1.098565E+08
3814	7.967667E+07
3815	5.718269E+07
3816	1.824558E+08
3817	1.494420E+08
3818	1.097655E+08
3819	7.958912E+07
3820	5.715514E+07
3821	1.821572E+08
3822	1.496587E+08
3823	1.097240E+08
3824	7.939326E+07
3825	5.715832E+07
3826	1.824746E+08
3827	1.493047E+08
3828	1.097231E+08
3829	7.967966E+07
3830	5.705552E+07
3831	1.824727E+08
3832	1.494843E+08
3833	1.095511E+08
3834	7.957355E+07
3835	5.703997E+07
3836	1.818854E+08
3837	1.493462E+08
3838	1.097174E+08
3839	7.947618E+07
3840	5.700362E+07
3841	1.825734E+08
3842	1.496697E+08
3843	1.096032E+08
3844	7.962318E+07
3845	5.732900E+07
3846	1.817850E+08
3847	1.502012E+08
3848	1.095432E+08
3849	7.965550E+07
3850	5.712550E+07
3851	1.819664E+08
3852	1.496939E+08
3853	1.098453E+08
3854	7.968267E+07
3855	5.707963E+07
3856	1.824959E+08
3857	1.496624E+08
3858	1.096868E+08
3859	7.962026E+07
3860	5.708458E+07
3861	1.824649E+08
3862	1.497143E+08
3863	1.097001E+08
3864	7.924822E+07
3865	5.698389E+07
3866	1.822735E+08
3867	1.497327E+08
3868	1.095358E+08
3869	7.957783E+07
3870	5.711154E+07
3871	1.825635E+08
3872	1.494317E+08
3873	1.097100E+08
3874	7.963790E+07
3875	5.702309E+07
3876	1.827862E+08
3877	1.500517E+08
3878	1.098385E+08
3879	7.954967E+07
3880	5.706151E+07
3881	1.824112E+08
3882	1.503843E+08
3883	1.096407E+08
3884	7.958643E+07
3885	5.696949E+07
3886	1.828892E+08
3887	1.496389E+08
3888	1.096961E+08
3889	7.947988E+07
3890	5.705314E+07
3891	1.826532E+08
3892	1.497311E+08
3893	1.098443E+08
3894	7.947101E+07
3895	5.710606E+07
3896	1.822803E+08
3897	1.497072E+08
3898	1.096433E+08
3899	7.956221E+07
3900	5.693147E+07
3901	1.823679E+08
3902	1.496821E+08
3903	1.096152E+08
3904	7.936949E+07
3905	5.706243E+07
3906	1.825157E+08
3907	1.497908E+08
3908	1.096768E+08
3909	7.961171E+07
3910	5.709553E+07
3911	1.823473E+08
3912	1.496114E+08
3913	1.095238E+08
3914	7.953294E+07
3915	5.698460E+07
3916	1.823534E+08
3917	1.496159E+08
3918	1.094182E+08
3919	7.976340E+07
3920	5.708061E+07
3921	1.823786E+08
3922	1.495319E+08
3923	1.095510E+08
3924	7.947790E+07
3925	5.721560E+07
3926	1.825448E+08
3927	1.493747E+08
3928	1.094253E+08
3929	7.952706E+07
3930	5.707543E+07
3931	1.825995E+08
3932	1.496152E+08
3933	1.095631E+08
3934	7.943883E+07
3935	5.705523E+07
3936	1.823203E+08
3937	1.495940E+08
3938	1.095357E+08
3939	7.933368E+07
3940	5.686642E+07
3941	1.825521E+08
3942	1.495592E+08
3943	1.095376E+08
3944	7.945909E+07
3945	5.682250E+07
3946	1.820485E+08
3947	1.494151E+08
3948	1.094863E+08
3949	7.924554E+07
3950	5.688485E+07
3951	1.820545E+08
3952	1.494122E+08
3953	1.094492E+08
3954	7.920328E+07
3955	5.707443E+07
3956	1.821500E+08
3957	1.491400E+08
3958	1.092650E+08
3959	7.938208E+07
3960	5.703044E+07
3961	1.818777E+08
3962	1.492664E+08
3963	1.095292E+08
3964	7.935595E+07
3965	5.690882E+07
3966	1.820886E+08
3967	1.491226E+08
3968	1.093847E+08
3969	7.934392E+07
3970	5.692475E+07
3971	1.821548E+08
3972	1.493603E+08
3973	1.093132E+08
3974	7.933384E+07
3975	5.697624E+07
3976	1.821587E+08
3977	1.492216E+08
3978	1.094020E+08
3979	7.926261E+07
3980	5.680915E+07
3981	1.820000E+08
3982	1.491327E+08
3983	1.094379E+08
3984	7.947390E+07
3985	5.698250E+07
3986	1.819801E+08
3987	1.492438E+08
3988	1.095167E+08
3989	7.928056E+07
3990	5.697178E+07
3991	1.816327E+08
3992	1.490244E+08
3993	1.092658E+08
3994	7.946835E+07
3995	5.680172E+07
3996	1.818645E+08
3997	1.489035E+08
3998	1.092596E+08
3999	7.917570E+07
4000	5.701226E+07
4001	1.821010E+08
4002	1.488988E+08
4003	1.092991E+08
4004	7.948704E+07
4005	5.685498E+07
4006	1.818669E+08
4007	1.491674E+08
4008	1.093400E+08
4009	7.922221E+07
4010	5.693794E+07
4011	1.819047E+08
4012	1.490090E+08
4013	1.092457E+08
4014	7.938028E+07
4015	5.700131E+07
4016	1.818031E+08
4017	1.490400E+08
4018	1.098061E+08
4019	7.934133E+07
4020	5.696094E+07
4021	1.818385E+08
4022	1.489375E+08
4023	1.093656E+08
4024	7.928656E+07
4025	5.700624E+07
4026	1.813444E+08
4027	1.488637E+08
4028	1.093353E+08
4029	7.936580E+07
4030	5.695536E+07
4031	1.816512E+08
4032	1.489065E+08
4033	1.089935E+08
4034	7.908888E+07
4035	5.682461E+07
4036	1.812479E+08
4037	1.487666E+08
4038	1.093859E+08
4039	7.946906E+07
4040	5.690075E+07
4041	1.814753E+08
4042	1.490073E+08
4043	1.091377E+08
4044	7.910339E+07
4045	5.688844E+07
4046	1.812988E+08
4047	1.490084E+08
4048	1.092950E+08
4049	7.927526E+07
4050	5.690762E+07
4051	1.815230E+08
4052	1.486135E+08
4053	1.091274E+08
4054	7.940597E+07
4055	5.688719E+07
4056	1.814597E+08
4057	1.487017E+08
4058	1.091723E+08
4059	7.929813E+07
4060	5.702575E+07
4061	1.813780E+08
4062	1.489678E+08
4063	1.093074E+08
4064	7.931566E+07
4065	5.686195E+07
4066	1.812607E+08
4067	1.486557E+08
4068	1.095143E+08
4069	7.939890E+07
4070	5.686585E+07
4071	1.815147E+08
4072	1.489539E+08
4073	1.092909E+08
4074	7.940996E+07
4075	5.689447E+07
4076	1.811627E+08
4077	1.486362E+08
4078	1.091502E+08
4079	7.914475E+07
4080	5.688577E+07
4081	1.812750E+08
4082	1.485746E+08
4083	1.093281E+08
4084	7.914277E+07
4085	5.680785E+07
4086	1.812798E+08
4087	1.486705E+08
4088	1.090878E+08
4089	7.928789E+07
4090	5.688138E+07
4091	1.811984E+08
4092	1.486915E+08
4093	1.093197E+08
4094	7.929275E+07
4095	5.677568E+07
4096	1.811560E+08
4097	1.486193E+08
4098	1.092711E+08
4099	7.929013E+07
4100	5.693200E+07
4101	1.808298E+08
4102	1.486913E+08
4103	1.089534E+08
4104	7.950845E+07
4105	5.692494E+07
4106	1.809723E+08
4107	1.489848E+08
4108	1.092133E+08
4109	7.909722E+07
4110	5.693421E+07
4111	1.810513E+08
4112	1.485254E+08
4113	1.092218E+08
4114	7.918365E+07
4115	5.688399E+07
4116	1.809868E+08
4117	1.487505E+08
4118	1.090686E+08
4119	7.929206E+07
4120	5.691151E+07
4121	1.810680E+08
4122	1.483574E+08
4123	1.092457E+08
4124	7.920078E+07
4125	5.699020E+07
4126	1.808375E+08
4127	1.485119E+08
4128	1.090045E+08
4129	7.913747E+07
4130	5.687670E+07
4131	1.808174E+08
4132	1.485522E+08
4133	1.090221E+08
4134	7.921678E+07
4135	5.693783E+07
4136	1.805727E+08
4137	1.483592E+08
4138	1.091462E+08
4139	7.922090E+07
4140	5.689038E+07
4141	1.803866E+08
4142	1.482229E+08
4143	1.089940E+08
4144	7.897872E+07
4145	5.689383E+07
4146	1.804056E+08
4147	1.482150E+08
4148	1.088838E+08
4149	7.911686E+07
4150	5.682353E+07
4151	1.804227E+08
4152	1.483197E+08
4153	1.089140E+08
4154	7.921126E+07
4155	5.693422E+07
4156	1.805461E+08
4157	1.480269E+08
4158	1.089820E+08
4159	7.921787E+07
4160	5.682863E+07
4161	1.803249E+08
4162	1.482251E+08
4163	1.089696E+08
4164	7.900328E+07
4165	5.672574E+07
4166	1.803327E+08
4167	1.477925E+08
4168	1.089518E+08
4169	7.906455E+07
4170	5.686337E+07
4171	1.802623E+08
4172	1.480311E+08
4173	1.089337E+08
4174	7.921136E+07
4175	5.678505E+07
4176	1.800923E+08
4177	1.479495E+08
4178	1.088274E+08
4179	7.907376E+07
4180	5.677696E+07
4181	1.800222E+08
4182	1.481268E+08
4183	1.089545E+08
4184	7.923965E+07
4185	5.684395E+07
4186	1.801449E+08
4187	1.479638E+08
4188	1.090974E+08
4189	7.910798E+07
4190	5.683832E+07
4191	1.802532E+08
4192	1.479440E+08
4193	1.088986E+08
4194	7.914698E+07
4195	5.682282E+07
4196	1.799455E+08
4197	1.481174E+08
4198	1.088270E+08
4199	7.923369E+07
4200	5.674623E+07
4201	1.800396E+08
4202	1.480146E+08
4203	1.088979E+08
4204	7.921662E+07
4205	5.662958E+07
4206	1.800124E+08
4207	1.479931E+08
4208	1.087200E+08
4209	7.927406E+07
4210	5.680962E+07
4211	1.801362E+08
4212	1.480943E+08
4213	1.089148E+08
4214	7.892405E+07
4215	5.679634E+07
4216	1.795463E+08
4217	1.481088E+08
4218	1.087122E+08
4219	7.914166E+07
4220	5.681835E+07
4221	1.800446E+08
4222	1.480177E+08
4223	1.088716E+08
4224	7.927440E+07
4225	5.677441E+07
4226	1.798949E+08
4227	1.477474E+08
4228	1.087232E+08
4229	7.906098E+07
4230	5.686296E+07
4231	1.796685E+08
4232	1.476217E+08
4233	1.087763E+08
4234	7.913041E+07
4235	5.684518E+07
4236	1.794834E+08
4237	1.477657E+08
4238	1.085851E+08
4239	7.912510E+07
4240	5.667600E+07
4241	1.798868E+08
4242	1.477851E+08
4243	1.089755E+08
4244	7.922349E+07
4245	5.683391E+07
4246	1.800896E+08
4247	1.479810E+08
4248	1.087605E+08
4249	7.912946E+07
4250	5.679941E+07
4251	1.799078E+08
4252	1.477449E+08
4253	1.087956E+08
4254	7.908320E+07
4255	5.670047E+07
